10:55:09.427 INFO  [main][DemoProjectApplication.logStarting(StartupInfoLogger.java:55)] Starting DemoProjectApplication using Java 17.0.2 on DESKTOP-FMTCKNO with PID 13304 (C:\Users\ASUS\OneDrive\桌面\java_project\demo_project\bin\main started by ASUS in C:\Users\ASUS\OneDrive\桌面\java_project\demo_project)
10:55:09.436 INFO  [main][DemoProjectApplication.logStartupProfileInfo(SpringApplication.java:645)] No active profile set, falling back to 1 default profile: "default"
10:55:13.040 INFO  [main][RepositoryConfigurationDelegate.registerRepositoriesIn(RepositoryConfigurationDelegate.java:132)] Bootstrapping Spring Data JPA repositories in DEFAULT mode.
10:55:13.303 INFO  [main][RepositoryConfigurationDelegate.registerRepositoriesIn(RepositoryConfigurationDelegate.java:201)] Finished Spring Data repository scanning in 162 ms. Found 8 JPA repository interfaces.
10:55:14.738 INFO  [main][TomcatWebServer.initialize(TomcatWebServer.java:108)] Tomcat initialized with port(s): 8080 (http)
10:55:14.757 INFO  [main][Http11NioProtocol.log(DirectJDKLog.java:173)] Initializing ProtocolHandler ["http-nio-8080"]
10:55:14.759 INFO  [main][StandardService.log(DirectJDKLog.java:173)] Starting service [Tomcat]
10:55:14.761 INFO  [main][StandardEngine.log(DirectJDKLog.java:173)] Starting Servlet engine: [Apache Tomcat/9.0.65]
10:55:15.088 INFO  [main][[/].log(DirectJDKLog.java:173)] Initializing Spring embedded WebApplicationContext
10:55:15.090 INFO  [main][ServletWebServerApplicationContext.prepareWebApplicationContext(ServletWebServerApplicationContext.java:290)] Root WebApplicationContext: initialization completed in 5459 ms
10:55:15.379 INFO  [main][HikariDataSource.getConnection(HikariDataSource.java:110)] HikariPool-1 - Starting...
10:55:15.700 INFO  [main][HikariDataSource.getConnection(HikariDataSource.java:123)] HikariPool-1 - Start completed.
10:55:15.976 INFO  [main][LogHelper.logPersistenceUnitInformation(LogHelper.java:31)] HHH000204: Processing PersistenceUnitInfo [name: default]
10:55:16.072 INFO  [main][Version.logVersion(Version.java:44)] HHH000412: Hibernate ORM core version 5.6.11.Final
10:55:16.387 INFO  [main][Version.<clinit>(JavaReflectionManager.java:56)] HCANN000001: Hibernate Commons Annotations {5.1.2.Final}
10:55:16.595 INFO  [main][Dialect.<init>(Dialect.java:175)] HHH000400: Using dialect: org.hibernate.dialect.MySQL8Dialect
10:55:17.005 WARN  [main][RootClass.checkCompositeIdentifier(RootClass.java:287)] HHH000038: Composite-id class does not override equals(): com.example.demo_project.entity.OrgCompanyId
10:55:17.005 WARN  [main][RootClass.checkCompositeIdentifier(RootClass.java:290)] HHH000039: Composite-id class does not override hashCode(): com.example.demo_project.entity.OrgCompanyId
10:55:17.485 INFO  [main][JtaPlatformInitiator.initiateService(JtaPlatformInitiator.java:52)] HHH000490: Using JtaPlatform implementation: [org.hibernate.engine.transaction.jta.platform.internal.NoJtaPlatform]
10:55:17.500 INFO  [main][LocalContainerEntityManagerFactoryBean.buildNativeEntityManagerFactory(AbstractEntityManagerFactoryBean.java:437)] Initialized JPA EntityManagerFactory for persistence unit 'default'
10:55:18.775 WARN  [main][JpaBaseConfiguration$JpaWebConfiguration.openEntityManagerInViewInterceptor(JpaBaseConfiguration.java:219)] spring.jpa.open-in-view is enabled by default. Therefore, database queries may be performed during view rendering. Explicitly configure spring.jpa.open-in-view to disable this warning
10:55:19.038 INFO  [main][PropertySourcedRequestMappingHandlerMapping.initHandlerMethods(PropertySourcedRequestMappingHandlerMapping.java:69)] Mapped URL path [/v2/api-docs] onto method [springfox.documentation.swagger2.web.Swagger2Controller#getDocumentation(String, HttpServletRequest)]
10:55:19.477 INFO  [main][Http11NioProtocol.log(DirectJDKLog.java:173)] Starting ProtocolHandler ["http-nio-8080"]
10:55:19.516 INFO  [main][TomcatWebServer.start(TomcatWebServer.java:220)] Tomcat started on port(s): 8080 (http) with context path ''
10:55:19.518 INFO  [main][DocumentationPluginsBootstrapper.start(DocumentationPluginsBootstrapper.java:160)] Context refreshed
10:55:19.550 INFO  [main][DocumentationPluginsBootstrapper.start(DocumentationPluginsBootstrapper.java:163)] Found 1 custom documentation plugin(s)
10:55:19.595 INFO  [main][ApiListingReferenceScanner.scan(ApiListingReferenceScanner.java:41)] Scanning for api listing references
10:55:20.040 INFO  [main][DemoProjectApplication.logStarted(StartupInfoLogger.java:61)] Started DemoProjectApplication in 11.192 seconds (JVM running for 12.296)
10:55:30.044 INFO  [http-nio-8080-exec-1][[/].log(DirectJDKLog.java:173)] Initializing Spring DispatcherServlet 'dispatcherServlet'
10:55:30.045 INFO  [http-nio-8080-exec-1][DispatcherServlet.initServletBean(FrameworkServlet.java:525)] Initializing Servlet 'dispatcherServlet'
10:55:30.047 INFO  [http-nio-8080-exec-1][DispatcherServlet.initServletBean(FrameworkServlet.java:547)] Completed initialization in 2 ms
11:10:22.875 INFO  [main][DemoProjectApplication.logStarting(StartupInfoLogger.java:55)] Starting DemoProjectApplication using Java 17.0.2 on DESKTOP-FMTCKNO with PID 11092 (C:\Users\ASUS\OneDrive\桌面\java_project\demo_project\bin\main started by ASUS in C:\Users\ASUS\OneDrive\桌面\java_project\demo_project)
11:10:22.883 INFO  [main][DemoProjectApplication.logStartupProfileInfo(SpringApplication.java:645)] No active profile set, falling back to 1 default profile: "default"
11:10:24.384 INFO  [main][RepositoryConfigurationDelegate.registerRepositoriesIn(RepositoryConfigurationDelegate.java:132)] Bootstrapping Spring Data JPA repositories in DEFAULT mode.
11:10:24.550 INFO  [main][RepositoryConfigurationDelegate.registerRepositoriesIn(RepositoryConfigurationDelegate.java:201)] Finished Spring Data repository scanning in 147 ms. Found 8 JPA repository interfaces.
11:10:26.045 INFO  [main][TomcatWebServer.initialize(TomcatWebServer.java:108)] Tomcat initialized with port(s): 8080 (http)
11:10:26.067 INFO  [main][Http11NioProtocol.log(DirectJDKLog.java:173)] Initializing ProtocolHandler ["http-nio-8080"]
11:10:26.069 INFO  [main][StandardService.log(DirectJDKLog.java:173)] Starting service [Tomcat]
11:10:26.072 INFO  [main][StandardEngine.log(DirectJDKLog.java:173)] Starting Servlet engine: [Apache Tomcat/9.0.65]
11:10:26.299 INFO  [main][[/].log(DirectJDKLog.java:173)] Initializing Spring embedded WebApplicationContext
11:10:26.303 INFO  [main][ServletWebServerApplicationContext.prepareWebApplicationContext(ServletWebServerApplicationContext.java:290)] Root WebApplicationContext: initialization completed in 3312 ms
11:10:26.465 INFO  [main][HikariDataSource.getConnection(HikariDataSource.java:110)] HikariPool-1 - Starting...
11:10:26.753 INFO  [main][HikariDataSource.getConnection(HikariDataSource.java:123)] HikariPool-1 - Start completed.
11:10:27.024 INFO  [main][LogHelper.logPersistenceUnitInformation(LogHelper.java:31)] HHH000204: Processing PersistenceUnitInfo [name: default]
11:10:27.120 INFO  [main][Version.logVersion(Version.java:44)] HHH000412: Hibernate ORM core version 5.6.11.Final
11:10:27.386 INFO  [main][Version.<clinit>(JavaReflectionManager.java:56)] HCANN000001: Hibernate Commons Annotations {5.1.2.Final}
11:10:27.599 INFO  [main][Dialect.<init>(Dialect.java:175)] HHH000400: Using dialect: org.hibernate.dialect.MySQL8Dialect
11:10:27.970 WARN  [main][RootClass.checkCompositeIdentifier(RootClass.java:287)] HHH000038: Composite-id class does not override equals(): com.example.demo_project.entity.OrgCompanyId
11:10:27.971 WARN  [main][RootClass.checkCompositeIdentifier(RootClass.java:290)] HHH000039: Composite-id class does not override hashCode(): com.example.demo_project.entity.OrgCompanyId
11:10:28.527 INFO  [main][JtaPlatformInitiator.initiateService(JtaPlatformInitiator.java:52)] HHH000490: Using JtaPlatform implementation: [org.hibernate.engine.transaction.jta.platform.internal.NoJtaPlatform]
11:10:28.541 INFO  [main][LocalContainerEntityManagerFactoryBean.buildNativeEntityManagerFactory(AbstractEntityManagerFactoryBean.java:437)] Initialized JPA EntityManagerFactory for persistence unit 'default'
11:10:29.777 WARN  [main][JpaBaseConfiguration$JpaWebConfiguration.openEntityManagerInViewInterceptor(JpaBaseConfiguration.java:219)] spring.jpa.open-in-view is enabled by default. Therefore, database queries may be performed during view rendering. Explicitly configure spring.jpa.open-in-view to disable this warning
11:10:30.009 INFO  [main][PropertySourcedRequestMappingHandlerMapping.initHandlerMethods(PropertySourcedRequestMappingHandlerMapping.java:69)] Mapped URL path [/v2/api-docs] onto method [springfox.documentation.swagger2.web.Swagger2Controller#getDocumentation(String, HttpServletRequest)]
11:10:30.428 INFO  [main][Http11NioProtocol.log(DirectJDKLog.java:173)] Starting ProtocolHandler ["http-nio-8080"]
11:10:30.472 INFO  [main][TomcatWebServer.start(TomcatWebServer.java:220)] Tomcat started on port(s): 8080 (http) with context path ''
11:10:30.475 INFO  [main][DocumentationPluginsBootstrapper.start(DocumentationPluginsBootstrapper.java:160)] Context refreshed
11:10:30.502 INFO  [main][DocumentationPluginsBootstrapper.start(DocumentationPluginsBootstrapper.java:163)] Found 1 custom documentation plugin(s)
11:10:30.537 INFO  [main][ApiListingReferenceScanner.scan(ApiListingReferenceScanner.java:41)] Scanning for api listing references
11:10:30.971 INFO  [main][DemoProjectApplication.logStarted(StartupInfoLogger.java:61)] Started DemoProjectApplication in 8.623 seconds (JVM running for 9.513)
11:10:39.963 INFO  [http-nio-8080-exec-2][[/].log(DirectJDKLog.java:173)] Initializing Spring DispatcherServlet 'dispatcherServlet'
11:10:39.964 INFO  [http-nio-8080-exec-2][DispatcherServlet.initServletBean(FrameworkServlet.java:525)] Initializing Servlet 'dispatcherServlet'
11:10:39.969 INFO  [http-nio-8080-exec-2][DispatcherServlet.initServletBean(FrameworkServlet.java:547)] Completed initialization in 5 ms
11:13:14.478 INFO  [main][DemoProjectApplication.logStarting(StartupInfoLogger.java:55)] Starting DemoProjectApplication using Java 17.0.2 on DESKTOP-FMTCKNO with PID 12800 (C:\Users\ASUS\OneDrive\桌面\java_project\demo_project\bin\main started by ASUS in C:\Users\ASUS\OneDrive\桌面\java_project\demo_project)
11:13:14.494 INFO  [main][DemoProjectApplication.logStartupProfileInfo(SpringApplication.java:645)] No active profile set, falling back to 1 default profile: "default"
11:13:16.187 INFO  [main][RepositoryConfigurationDelegate.registerRepositoriesIn(RepositoryConfigurationDelegate.java:132)] Bootstrapping Spring Data JPA repositories in DEFAULT mode.
11:13:16.367 INFO  [main][RepositoryConfigurationDelegate.registerRepositoriesIn(RepositoryConfigurationDelegate.java:201)] Finished Spring Data repository scanning in 159 ms. Found 8 JPA repository interfaces.
11:13:17.606 INFO  [main][TomcatWebServer.initialize(TomcatWebServer.java:108)] Tomcat initialized with port(s): 8080 (http)
11:13:17.626 INFO  [main][Http11NioProtocol.log(DirectJDKLog.java:173)] Initializing ProtocolHandler ["http-nio-8080"]
11:13:17.629 INFO  [main][StandardService.log(DirectJDKLog.java:173)] Starting service [Tomcat]
11:13:17.629 INFO  [main][StandardEngine.log(DirectJDKLog.java:173)] Starting Servlet engine: [Apache Tomcat/9.0.65]
11:13:17.863 INFO  [main][[/].log(DirectJDKLog.java:173)] Initializing Spring embedded WebApplicationContext
11:13:17.866 INFO  [main][ServletWebServerApplicationContext.prepareWebApplicationContext(ServletWebServerApplicationContext.java:290)] Root WebApplicationContext: initialization completed in 3231 ms
11:13:18.050 INFO  [main][HikariDataSource.getConnection(HikariDataSource.java:110)] HikariPool-1 - Starting...
11:13:18.391 INFO  [main][HikariDataSource.getConnection(HikariDataSource.java:123)] HikariPool-1 - Start completed.
11:13:18.676 INFO  [main][LogHelper.logPersistenceUnitInformation(LogHelper.java:31)] HHH000204: Processing PersistenceUnitInfo [name: default]
11:13:18.775 INFO  [main][Version.logVersion(Version.java:44)] HHH000412: Hibernate ORM core version 5.6.11.Final
11:13:19.100 INFO  [main][Version.<clinit>(JavaReflectionManager.java:56)] HCANN000001: Hibernate Commons Annotations {5.1.2.Final}
11:13:19.335 INFO  [main][Dialect.<init>(Dialect.java:175)] HHH000400: Using dialect: org.hibernate.dialect.MySQL8Dialect
11:13:19.766 WARN  [main][RootClass.checkCompositeIdentifier(RootClass.java:287)] HHH000038: Composite-id class does not override equals(): com.example.demo_project.entity.OrgCompanyId
11:13:19.766 WARN  [main][RootClass.checkCompositeIdentifier(RootClass.java:290)] HHH000039: Composite-id class does not override hashCode(): com.example.demo_project.entity.OrgCompanyId
11:13:20.466 INFO  [main][JtaPlatformInitiator.initiateService(JtaPlatformInitiator.java:52)] HHH000490: Using JtaPlatform implementation: [org.hibernate.engine.transaction.jta.platform.internal.NoJtaPlatform]
11:13:20.486 INFO  [main][LocalContainerEntityManagerFactoryBean.buildNativeEntityManagerFactory(AbstractEntityManagerFactoryBean.java:437)] Initialized JPA EntityManagerFactory for persistence unit 'default'
11:13:21.946 WARN  [main][JpaBaseConfiguration$JpaWebConfiguration.openEntityManagerInViewInterceptor(JpaBaseConfiguration.java:219)] spring.jpa.open-in-view is enabled by default. Therefore, database queries may be performed during view rendering. Explicitly configure spring.jpa.open-in-view to disable this warning
11:13:22.258 INFO  [main][PropertySourcedRequestMappingHandlerMapping.initHandlerMethods(PropertySourcedRequestMappingHandlerMapping.java:69)] Mapped URL path [/v2/api-docs] onto method [springfox.documentation.swagger2.web.Swagger2Controller#getDocumentation(String, HttpServletRequest)]
11:13:22.886 INFO  [main][Http11NioProtocol.log(DirectJDKLog.java:173)] Starting ProtocolHandler ["http-nio-8080"]
11:13:22.947 INFO  [main][TomcatWebServer.start(TomcatWebServer.java:220)] Tomcat started on port(s): 8080 (http) with context path ''
11:13:22.949 INFO  [main][DocumentationPluginsBootstrapper.start(DocumentationPluginsBootstrapper.java:160)] Context refreshed
11:13:23.029 INFO  [main][DocumentationPluginsBootstrapper.start(DocumentationPluginsBootstrapper.java:163)] Found 1 custom documentation plugin(s)
11:13:23.097 INFO  [main][ApiListingReferenceScanner.scan(ApiListingReferenceScanner.java:41)] Scanning for api listing references
11:13:23.661 INFO  [main][DemoProjectApplication.logStarted(StartupInfoLogger.java:61)] Started DemoProjectApplication in 9.977 seconds (JVM running for 11.49)
11:13:24.450 INFO  [http-nio-8080-exec-1][[/].log(DirectJDKLog.java:173)] Initializing Spring DispatcherServlet 'dispatcherServlet'
11:13:24.450 INFO  [http-nio-8080-exec-1][DispatcherServlet.initServletBean(FrameworkServlet.java:525)] Initializing Servlet 'dispatcherServlet'
11:13:24.452 INFO  [http-nio-8080-exec-1][DispatcherServlet.initServletBean(FrameworkServlet.java:547)] Completed initialization in 2 ms
11:18:56.075 INFO  [main][DemoProjectApplication.logStarting(StartupInfoLogger.java:55)] Starting DemoProjectApplication using Java 17.0.2 on DESKTOP-FMTCKNO with PID 10204 (C:\Users\ASUS\OneDrive\桌面\java_project\demo_project\bin\main started by ASUS in C:\Users\ASUS\OneDrive\桌面\java_project\demo_project)
11:18:56.083 INFO  [main][DemoProjectApplication.logStartupProfileInfo(SpringApplication.java:645)] No active profile set, falling back to 1 default profile: "default"
11:18:57.608 INFO  [main][RepositoryConfigurationDelegate.registerRepositoriesIn(RepositoryConfigurationDelegate.java:132)] Bootstrapping Spring Data JPA repositories in DEFAULT mode.
11:18:57.792 INFO  [main][RepositoryConfigurationDelegate.registerRepositoriesIn(RepositoryConfigurationDelegate.java:201)] Finished Spring Data repository scanning in 162 ms. Found 8 JPA repository interfaces.
11:18:58.987 INFO  [main][TomcatWebServer.initialize(TomcatWebServer.java:108)] Tomcat initialized with port(s): 8080 (http)
11:18:59.009 INFO  [main][Http11NioProtocol.log(DirectJDKLog.java:173)] Initializing ProtocolHandler ["http-nio-8080"]
11:18:59.011 INFO  [main][StandardService.log(DirectJDKLog.java:173)] Starting service [Tomcat]
11:18:59.011 INFO  [main][StandardEngine.log(DirectJDKLog.java:173)] Starting Servlet engine: [Apache Tomcat/9.0.65]
11:18:59.218 INFO  [main][[/].log(DirectJDKLog.java:173)] Initializing Spring embedded WebApplicationContext
11:18:59.221 INFO  [main][ServletWebServerApplicationContext.prepareWebApplicationContext(ServletWebServerApplicationContext.java:290)] Root WebApplicationContext: initialization completed in 3030 ms
11:18:59.395 INFO  [main][HikariDataSource.getConnection(HikariDataSource.java:110)] HikariPool-1 - Starting...
11:18:59.647 INFO  [main][HikariDataSource.getConnection(HikariDataSource.java:123)] HikariPool-1 - Start completed.
11:18:59.904 INFO  [main][LogHelper.logPersistenceUnitInformation(LogHelper.java:31)] HHH000204: Processing PersistenceUnitInfo [name: default]
11:18:59.990 INFO  [main][Version.logVersion(Version.java:44)] HHH000412: Hibernate ORM core version 5.6.11.Final
11:19:00.268 INFO  [main][Version.<clinit>(JavaReflectionManager.java:56)] HCANN000001: Hibernate Commons Annotations {5.1.2.Final}
11:19:00.482 INFO  [main][Dialect.<init>(Dialect.java:175)] HHH000400: Using dialect: org.hibernate.dialect.MySQL8Dialect
11:19:00.880 WARN  [main][RootClass.checkCompositeIdentifier(RootClass.java:287)] HHH000038: Composite-id class does not override equals(): com.example.demo_project.entity.OrgCompanyId
11:19:00.880 WARN  [main][RootClass.checkCompositeIdentifier(RootClass.java:290)] HHH000039: Composite-id class does not override hashCode(): com.example.demo_project.entity.OrgCompanyId
11:19:01.414 INFO  [main][JtaPlatformInitiator.initiateService(JtaPlatformInitiator.java:52)] HHH000490: Using JtaPlatform implementation: [org.hibernate.engine.transaction.jta.platform.internal.NoJtaPlatform]
11:19:01.428 INFO  [main][LocalContainerEntityManagerFactoryBean.buildNativeEntityManagerFactory(AbstractEntityManagerFactoryBean.java:437)] Initialized JPA EntityManagerFactory for persistence unit 'default'
11:19:02.701 WARN  [main][JpaBaseConfiguration$JpaWebConfiguration.openEntityManagerInViewInterceptor(JpaBaseConfiguration.java:219)] spring.jpa.open-in-view is enabled by default. Therefore, database queries may be performed during view rendering. Explicitly configure spring.jpa.open-in-view to disable this warning
11:19:02.927 INFO  [main][PropertySourcedRequestMappingHandlerMapping.initHandlerMethods(PropertySourcedRequestMappingHandlerMapping.java:69)] Mapped URL path [/v2/api-docs] onto method [springfox.documentation.swagger2.web.Swagger2Controller#getDocumentation(String, HttpServletRequest)]
11:19:03.415 INFO  [main][Http11NioProtocol.log(DirectJDKLog.java:173)] Starting ProtocolHandler ["http-nio-8080"]
11:19:03.463 INFO  [main][TomcatWebServer.start(TomcatWebServer.java:220)] Tomcat started on port(s): 8080 (http) with context path ''
11:19:03.465 INFO  [main][DocumentationPluginsBootstrapper.start(DocumentationPluginsBootstrapper.java:160)] Context refreshed
11:19:03.502 INFO  [main][DocumentationPluginsBootstrapper.start(DocumentationPluginsBootstrapper.java:163)] Found 1 custom documentation plugin(s)
11:19:03.553 INFO  [main][ApiListingReferenceScanner.scan(ApiListingReferenceScanner.java:41)] Scanning for api listing references
11:19:04.029 INFO  [main][DemoProjectApplication.logStarted(StartupInfoLogger.java:61)] Started DemoProjectApplication in 8.539 seconds (JVM running for 9.511)
11:19:07.881 INFO  [http-nio-8080-exec-1][[/].log(DirectJDKLog.java:173)] Initializing Spring DispatcherServlet 'dispatcherServlet'
11:19:07.882 INFO  [http-nio-8080-exec-1][DispatcherServlet.initServletBean(FrameworkServlet.java:525)] Initializing Servlet 'dispatcherServlet'
11:19:07.884 INFO  [http-nio-8080-exec-1][DispatcherServlet.initServletBean(FrameworkServlet.java:547)] Completed initialization in 2 ms
11:35:15.572 INFO  [main][DemoProjectApplication.logStarting(StartupInfoLogger.java:55)] Starting DemoProjectApplication using Java 17.0.2 on DESKTOP-FMTCKNO with PID 3320 (C:\Users\ASUS\OneDrive\桌面\java_project\demo_project\bin\main started by ASUS in C:\Users\ASUS\OneDrive\桌面\java_project\demo_project)
11:35:15.578 INFO  [main][DemoProjectApplication.logStartupProfileInfo(SpringApplication.java:645)] No active profile set, falling back to 1 default profile: "default"
11:35:17.093 INFO  [main][RepositoryConfigurationDelegate.registerRepositoriesIn(RepositoryConfigurationDelegate.java:132)] Bootstrapping Spring Data JPA repositories in DEFAULT mode.
11:35:17.268 INFO  [main][RepositoryConfigurationDelegate.registerRepositoriesIn(RepositoryConfigurationDelegate.java:201)] Finished Spring Data repository scanning in 149 ms. Found 8 JPA repository interfaces.
11:35:18.354 INFO  [main][TomcatWebServer.initialize(TomcatWebServer.java:108)] Tomcat initialized with port(s): 8080 (http)
11:35:18.369 INFO  [main][Http11NioProtocol.log(DirectJDKLog.java:173)] Initializing ProtocolHandler ["http-nio-8080"]
11:35:18.371 INFO  [main][StandardService.log(DirectJDKLog.java:173)] Starting service [Tomcat]
11:35:18.372 INFO  [main][StandardEngine.log(DirectJDKLog.java:173)] Starting Servlet engine: [Apache Tomcat/9.0.65]
11:35:18.562 INFO  [main][[/].log(DirectJDKLog.java:173)] Initializing Spring embedded WebApplicationContext
11:35:18.565 INFO  [main][ServletWebServerApplicationContext.prepareWebApplicationContext(ServletWebServerApplicationContext.java:290)] Root WebApplicationContext: initialization completed in 2884 ms
11:35:18.730 INFO  [main][HikariDataSource.getConnection(HikariDataSource.java:110)] HikariPool-1 - Starting...
11:35:18.975 INFO  [main][HikariDataSource.getConnection(HikariDataSource.java:123)] HikariPool-1 - Start completed.
11:35:19.227 INFO  [main][LogHelper.logPersistenceUnitInformation(LogHelper.java:31)] HHH000204: Processing PersistenceUnitInfo [name: default]
11:35:19.312 INFO  [main][Version.logVersion(Version.java:44)] HHH000412: Hibernate ORM core version 5.6.11.Final
11:35:19.581 INFO  [main][Version.<clinit>(JavaReflectionManager.java:56)] HCANN000001: Hibernate Commons Annotations {5.1.2.Final}
11:35:19.795 INFO  [main][Dialect.<init>(Dialect.java:175)] HHH000400: Using dialect: org.hibernate.dialect.MySQL8Dialect
11:35:20.214 WARN  [main][RootClass.checkCompositeIdentifier(RootClass.java:287)] HHH000038: Composite-id class does not override equals(): com.example.demo_project.entity.OrgCompanyId
11:35:20.214 WARN  [main][RootClass.checkCompositeIdentifier(RootClass.java:290)] HHH000039: Composite-id class does not override hashCode(): com.example.demo_project.entity.OrgCompanyId
11:35:20.744 INFO  [main][JtaPlatformInitiator.initiateService(JtaPlatformInitiator.java:52)] HHH000490: Using JtaPlatform implementation: [org.hibernate.engine.transaction.jta.platform.internal.NoJtaPlatform]
11:35:20.762 INFO  [main][LocalContainerEntityManagerFactoryBean.buildNativeEntityManagerFactory(AbstractEntityManagerFactoryBean.java:437)] Initialized JPA EntityManagerFactory for persistence unit 'default'
11:35:22.033 WARN  [main][JpaBaseConfiguration$JpaWebConfiguration.openEntityManagerInViewInterceptor(JpaBaseConfiguration.java:219)] spring.jpa.open-in-view is enabled by default. Therefore, database queries may be performed during view rendering. Explicitly configure spring.jpa.open-in-view to disable this warning
11:35:22.294 INFO  [main][PropertySourcedRequestMappingHandlerMapping.initHandlerMethods(PropertySourcedRequestMappingHandlerMapping.java:69)] Mapped URL path [/v2/api-docs] onto method [springfox.documentation.swagger2.web.Swagger2Controller#getDocumentation(String, HttpServletRequest)]
11:35:22.757 INFO  [main][Http11NioProtocol.log(DirectJDKLog.java:173)] Starting ProtocolHandler ["http-nio-8080"]
11:35:22.791 INFO  [main][TomcatWebServer.start(TomcatWebServer.java:220)] Tomcat started on port(s): 8080 (http) with context path ''
11:35:22.794 INFO  [main][DocumentationPluginsBootstrapper.start(DocumentationPluginsBootstrapper.java:160)] Context refreshed
11:35:22.827 INFO  [main][DocumentationPluginsBootstrapper.start(DocumentationPluginsBootstrapper.java:163)] Found 1 custom documentation plugin(s)
11:35:22.875 INFO  [main][ApiListingReferenceScanner.scan(ApiListingReferenceScanner.java:41)] Scanning for api listing references
11:35:23.284 INFO  [main][DemoProjectApplication.logStarted(StartupInfoLogger.java:61)] Started DemoProjectApplication in 8.212 seconds (JVM running for 9.024)
11:35:28.175 INFO  [http-nio-8080-exec-2][[/].log(DirectJDKLog.java:173)] Initializing Spring DispatcherServlet 'dispatcherServlet'
11:35:28.176 INFO  [http-nio-8080-exec-2][DispatcherServlet.initServletBean(FrameworkServlet.java:525)] Initializing Servlet 'dispatcherServlet'
11:35:28.178 INFO  [http-nio-8080-exec-2][DispatcherServlet.initServletBean(FrameworkServlet.java:547)] Completed initialization in 2 ms
11:53:25.274 INFO  [main][SpringBootTestContextBootstrapper.buildDefaultMergedContextConfiguration(AbstractTestContextBootstrapper.java:305)] Neither @ContextConfiguration nor @ContextHierarchy found for test class [com.example.demo_project.RegisterTest], using SpringBootContextLoader
11:53:25.282 INFO  [main][AbstractContextLoader.generateDefaultLocations(AbstractContextLoader.java:264)] Could not detect default resource locations for test class [com.example.demo_project.RegisterTest]: no resource found for suffixes {-context.xml, Context.groovy}.
11:53:25.682 INFO  [main][SpringBootTestContextBootstrapper.getDefaultTestExecutionListenerClassNames(AbstractTestContextBootstrapper.java:245)] Loaded default TestExecutionListener class names from location [META-INF/spring.factories]: [org.springframework.boot.test.autoconfigure.restdocs.RestDocsTestExecutionListener, org.springframework.boot.test.autoconfigure.web.client.MockRestServiceServerResetTestExecutionListener, org.springframework.boot.test.autoconfigure.web.servlet.MockMvcPrintOnlyOnFailureTestExecutionListener, org.springframework.boot.test.autoconfigure.web.servlet.WebDriverTestExecutionListener, org.springframework.boot.test.autoconfigure.webservices.client.MockWebServiceServerTestExecutionListener, org.springframework.boot.test.mock.mockito.MockitoTestExecutionListener, org.springframework.boot.test.mock.mockito.ResetMocksTestExecutionListener, org.springframework.test.context.web.ServletTestExecutionListener, org.springframework.test.context.support.DirtiesContextBeforeModesTestExecutionListener, org.springframework.test.context.event.ApplicationEventsTestExecutionListener, org.springframework.test.context.support.DependencyInjectionTestExecutionListener, org.springframework.test.context.support.DirtiesContextTestExecutionListener, org.springframework.test.context.transaction.TransactionalTestExecutionListener, org.springframework.test.context.jdbc.SqlScriptsTestExecutionListener, org.springframework.test.context.event.EventPublishingTestExecutionListener]
11:53:25.723 INFO  [main][SpringBootTestContextBootstrapper.getTestExecutionListeners(AbstractTestContextBootstrapper.java:174)] Using TestExecutionListeners: [org.springframework.test.context.web.ServletTestExecutionListener@665e9289, org.springframework.test.context.support.DirtiesContextBeforeModesTestExecutionListener@7d3430a7, org.springframework.test.context.event.ApplicationEventsTestExecutionListener@6f603e89, org.springframework.boot.test.mock.mockito.MockitoTestExecutionListener@2756c0a7, org.springframework.boot.test.autoconfigure.SpringBootDependencyInjectionTestExecutionListener@350ec41e, org.springframework.test.context.support.DirtiesContextTestExecutionListener@69637b10, org.springframework.test.context.transaction.TransactionalTestExecutionListener@71984c3, org.springframework.test.context.jdbc.SqlScriptsTestExecutionListener@165b2f7f, org.springframework.test.context.event.EventPublishingTestExecutionListener@5536379e, org.springframework.boot.test.autoconfigure.restdocs.RestDocsTestExecutionListener@277f7dd3, org.springframework.boot.test.autoconfigure.web.client.MockRestServiceServerResetTestExecutionListener@6c8bca63, org.springframework.boot.test.autoconfigure.web.servlet.MockMvcPrintOnlyOnFailureTestExecutionListener@2364305a, org.springframework.boot.test.autoconfigure.web.servlet.WebDriverTestExecutionListener@470a696f, org.springframework.boot.test.autoconfigure.webservices.client.MockWebServiceServerTestExecutionListener@1bc715b8, org.springframework.boot.test.mock.mockito.ResetMocksTestExecutionListener@292d1c71]
11:53:26.277 INFO  [main][RegisterTest.logStarting(StartupInfoLogger.java:55)] Starting RegisterTest using Java 17.0.2 on DESKTOP-FMTCKNO with PID 1592 (started by ASUS in C:\Users\ASUS\OneDrive\桌面\java_project\demo_project)
11:53:26.282 INFO  [main][RegisterTest.logStartupProfileInfo(SpringApplication.java:645)] No active profile set, falling back to 1 default profile: "default"
11:53:27.817 INFO  [main][RepositoryConfigurationDelegate.registerRepositoriesIn(RepositoryConfigurationDelegate.java:132)] Bootstrapping Spring Data JPA repositories in DEFAULT mode.
11:53:27.996 INFO  [main][RepositoryConfigurationDelegate.registerRepositoriesIn(RepositoryConfigurationDelegate.java:201)] Finished Spring Data repository scanning in 161 ms. Found 8 JPA repository interfaces.
11:53:28.915 INFO  [main][HikariDataSource.getConnection(HikariDataSource.java:110)] HikariPool-1 - Starting...
11:53:29.288 INFO  [main][HikariDataSource.getConnection(HikariDataSource.java:123)] HikariPool-1 - Start completed.
11:53:29.667 INFO  [main][LogHelper.logPersistenceUnitInformation(LogHelper.java:31)] HHH000204: Processing PersistenceUnitInfo [name: default]
11:53:29.770 INFO  [main][Version.logVersion(Version.java:44)] HHH000412: Hibernate ORM core version 5.6.11.Final
11:53:30.157 INFO  [main][Version.<clinit>(JavaReflectionManager.java:56)] HCANN000001: Hibernate Commons Annotations {5.1.2.Final}
11:53:30.521 INFO  [main][Dialect.<init>(Dialect.java:175)] HHH000400: Using dialect: org.hibernate.dialect.MySQL8Dialect
11:53:30.998 WARN  [main][RootClass.checkCompositeIdentifier(RootClass.java:287)] HHH000038: Composite-id class does not override equals(): com.example.demo_project.entity.OrgCompanyId
11:53:30.999 WARN  [main][RootClass.checkCompositeIdentifier(RootClass.java:290)] HHH000039: Composite-id class does not override hashCode(): com.example.demo_project.entity.OrgCompanyId
11:53:31.578 INFO  [main][JtaPlatformInitiator.initiateService(JtaPlatformInitiator.java:52)] HHH000490: Using JtaPlatform implementation: [org.hibernate.engine.transaction.jta.platform.internal.NoJtaPlatform]
11:53:31.601 INFO  [main][LocalContainerEntityManagerFactoryBean.buildNativeEntityManagerFactory(AbstractEntityManagerFactoryBean.java:437)] Initialized JPA EntityManagerFactory for persistence unit 'default'
11:53:33.765 WARN  [main][JpaBaseConfiguration$JpaWebConfiguration.openEntityManagerInViewInterceptor(JpaBaseConfiguration.java:219)] spring.jpa.open-in-view is enabled by default. Therefore, database queries may be performed during view rendering. Explicitly configure spring.jpa.open-in-view to disable this warning
11:53:34.378 INFO  [main][PropertySourcedRequestMappingHandlerMapping.initHandlerMethods(PropertySourcedRequestMappingHandlerMapping.java:69)] Mapped URL path [/v2/api-docs] onto method [springfox.documentation.swagger2.web.Swagger2Controller#getDocumentation(String, HttpServletRequest)]
11:53:35.627 INFO  [main][DocumentationPluginsBootstrapper.start(DocumentationPluginsBootstrapper.java:160)] Context refreshed
11:53:35.652 INFO  [main][DocumentationPluginsBootstrapper.start(DocumentationPluginsBootstrapper.java:163)] Found 1 custom documentation plugin(s)
11:53:35.697 INFO  [main][ApiListingReferenceScanner.scan(ApiListingReferenceScanner.java:41)] Scanning for api listing references
11:53:36.224 INFO  [main][RegisterTest.logStarted(StartupInfoLogger.java:61)] Started RegisterTest in 10.436 seconds (JVM running for 12.953)
11:53:36.279 INFO  [main][SpringBootMockServletContext.log(MockServletContext.java:455)] Initializing Spring TestDispatcherServlet ''
11:53:36.280 INFO  [main][TestDispatcherServlet.initServletBean(FrameworkServlet.java:525)] Initializing Servlet ''
11:53:36.283 INFO  [main][TestDispatcherServlet.initServletBean(FrameworkServlet.java:547)] Completed initialization in 2 ms
11:53:36.816 INFO  [SpringApplicationShutdownHook][LocalContainerEntityManagerFactoryBean.destroy(AbstractEntityManagerFactoryBean.java:651)] Closing JPA EntityManagerFactory for persistence unit 'default'
11:53:36.822 INFO  [SpringApplicationShutdownHook][HikariDataSource.close(HikariDataSource.java:350)] HikariPool-1 - Shutdown initiated...
11:53:36.849 INFO  [SpringApplicationShutdownHook][HikariDataSource.close(HikariDataSource.java:352)] HikariPool-1 - Shutdown completed.
12:09:26.533 INFO  [main][DemoProjectApplication.logStarting(StartupInfoLogger.java:55)] Starting DemoProjectApplication using Java 17.0.2 on DESKTOP-FMTCKNO with PID 252 (C:\Users\ASUS\OneDrive\桌面\java_project\demo_project\bin\main started by ASUS in C:\Users\ASUS\OneDrive\桌面\java_project\demo_project)
12:09:26.545 INFO  [main][DemoProjectApplication.logStartupProfileInfo(SpringApplication.java:645)] No active profile set, falling back to 1 default profile: "default"
12:09:28.096 INFO  [main][RepositoryConfigurationDelegate.registerRepositoriesIn(RepositoryConfigurationDelegate.java:132)] Bootstrapping Spring Data JPA repositories in DEFAULT mode.
12:09:28.261 INFO  [main][RepositoryConfigurationDelegate.registerRepositoriesIn(RepositoryConfigurationDelegate.java:201)] Finished Spring Data repository scanning in 146 ms. Found 8 JPA repository interfaces.
12:09:29.379 INFO  [main][TomcatWebServer.initialize(TomcatWebServer.java:108)] Tomcat initialized with port(s): 8080 (http)
12:09:29.394 INFO  [main][Http11NioProtocol.log(DirectJDKLog.java:173)] Initializing ProtocolHandler ["http-nio-8080"]
12:09:29.396 INFO  [main][StandardService.log(DirectJDKLog.java:173)] Starting service [Tomcat]
12:09:29.397 INFO  [main][StandardEngine.log(DirectJDKLog.java:173)] Starting Servlet engine: [Apache Tomcat/9.0.65]
12:09:29.594 INFO  [main][[/].log(DirectJDKLog.java:173)] Initializing Spring embedded WebApplicationContext
12:09:29.595 INFO  [main][ServletWebServerApplicationContext.prepareWebApplicationContext(ServletWebServerApplicationContext.java:290)] Root WebApplicationContext: initialization completed in 2930 ms
12:09:29.753 INFO  [main][HikariDataSource.getConnection(HikariDataSource.java:110)] HikariPool-1 - Starting...
12:09:30.025 INFO  [main][HikariDataSource.getConnection(HikariDataSource.java:123)] HikariPool-1 - Start completed.
12:09:30.279 INFO  [main][LogHelper.logPersistenceUnitInformation(LogHelper.java:31)] HHH000204: Processing PersistenceUnitInfo [name: default]
12:09:30.355 INFO  [main][Version.logVersion(Version.java:44)] HHH000412: Hibernate ORM core version 5.6.11.Final
12:09:30.651 INFO  [main][Version.<clinit>(JavaReflectionManager.java:56)] HCANN000001: Hibernate Commons Annotations {5.1.2.Final}
12:09:30.862 INFO  [main][Dialect.<init>(Dialect.java:175)] HHH000400: Using dialect: org.hibernate.dialect.MySQL8Dialect
12:09:31.274 WARN  [main][RootClass.checkCompositeIdentifier(RootClass.java:287)] HHH000038: Composite-id class does not override equals(): com.example.demo_project.entity.OrgCompanyId
12:09:31.275 WARN  [main][RootClass.checkCompositeIdentifier(RootClass.java:290)] HHH000039: Composite-id class does not override hashCode(): com.example.demo_project.entity.OrgCompanyId
12:09:31.871 INFO  [main][JtaPlatformInitiator.initiateService(JtaPlatformInitiator.java:52)] HHH000490: Using JtaPlatform implementation: [org.hibernate.engine.transaction.jta.platform.internal.NoJtaPlatform]
12:09:31.885 INFO  [main][LocalContainerEntityManagerFactoryBean.buildNativeEntityManagerFactory(AbstractEntityManagerFactoryBean.java:437)] Initialized JPA EntityManagerFactory for persistence unit 'default'
12:09:33.171 WARN  [main][JpaBaseConfiguration$JpaWebConfiguration.openEntityManagerInViewInterceptor(JpaBaseConfiguration.java:219)] spring.jpa.open-in-view is enabled by default. Therefore, database queries may be performed during view rendering. Explicitly configure spring.jpa.open-in-view to disable this warning
12:09:33.394 INFO  [main][PropertySourcedRequestMappingHandlerMapping.initHandlerMethods(PropertySourcedRequestMappingHandlerMapping.java:69)] Mapped URL path [/v2/api-docs] onto method [springfox.documentation.swagger2.web.Swagger2Controller#getDocumentation(String, HttpServletRequest)]
12:09:33.871 INFO  [main][Http11NioProtocol.log(DirectJDKLog.java:173)] Starting ProtocolHandler ["http-nio-8080"]
12:09:33.906 INFO  [main][TomcatWebServer.start(TomcatWebServer.java:220)] Tomcat started on port(s): 8080 (http) with context path ''
12:09:33.908 INFO  [main][DocumentationPluginsBootstrapper.start(DocumentationPluginsBootstrapper.java:160)] Context refreshed
12:09:33.938 INFO  [main][DocumentationPluginsBootstrapper.start(DocumentationPluginsBootstrapper.java:163)] Found 1 custom documentation plugin(s)
12:09:33.978 INFO  [main][ApiListingReferenceScanner.scan(ApiListingReferenceScanner.java:41)] Scanning for api listing references
12:09:34.423 INFO  [main][DemoProjectApplication.logStarted(StartupInfoLogger.java:61)] Started DemoProjectApplication in 8.451 seconds (JVM running for 9.595)
14:36:12.885 INFO  [main][DemoProjectApplication.logStarting(StartupInfoLogger.java:55)] Starting DemoProjectApplication using Java 17.0.2 on DESKTOP-FMTCKNO with PID 11852 (C:\Users\ASUS\OneDrive\桌面\java_project\demo_project\bin\main started by ASUS in C:\Users\ASUS\OneDrive\桌面\java_project\demo_project)
14:36:12.893 INFO  [main][DemoProjectApplication.logStartupProfileInfo(SpringApplication.java:645)] No active profile set, falling back to 1 default profile: "default"
14:36:14.411 INFO  [main][RepositoryConfigurationDelegate.registerRepositoriesIn(RepositoryConfigurationDelegate.java:132)] Bootstrapping Spring Data JPA repositories in DEFAULT mode.
14:36:14.568 INFO  [main][RepositoryConfigurationDelegate.registerRepositoriesIn(RepositoryConfigurationDelegate.java:201)] Finished Spring Data repository scanning in 140 ms. Found 8 JPA repository interfaces.
14:36:15.626 INFO  [main][TomcatWebServer.initialize(TomcatWebServer.java:108)] Tomcat initialized with port(s): 8080 (http)
14:36:15.638 INFO  [main][Http11NioProtocol.log(DirectJDKLog.java:173)] Initializing ProtocolHandler ["http-nio-8080"]
14:36:15.640 INFO  [main][StandardService.log(DirectJDKLog.java:173)] Starting service [Tomcat]
14:36:15.640 INFO  [main][StandardEngine.log(DirectJDKLog.java:173)] Starting Servlet engine: [Apache Tomcat/9.0.65]
14:36:15.813 INFO  [main][[/].log(DirectJDKLog.java:173)] Initializing Spring embedded WebApplicationContext
14:36:15.815 INFO  [main][ServletWebServerApplicationContext.prepareWebApplicationContext(ServletWebServerApplicationContext.java:290)] Root WebApplicationContext: initialization completed in 2820 ms
14:36:16.009 INFO  [main][HikariDataSource.getConnection(HikariDataSource.java:110)] HikariPool-1 - Starting...
14:36:16.275 INFO  [main][HikariDataSource.getConnection(HikariDataSource.java:123)] HikariPool-1 - Start completed.
14:36:16.522 INFO  [main][LogHelper.logPersistenceUnitInformation(LogHelper.java:31)] HHH000204: Processing PersistenceUnitInfo [name: default]
14:36:16.605 INFO  [main][Version.logVersion(Version.java:44)] HHH000412: Hibernate ORM core version 5.6.11.Final
14:36:16.870 INFO  [main][Version.<clinit>(JavaReflectionManager.java:56)] HCANN000001: Hibernate Commons Annotations {5.1.2.Final}
14:36:17.069 INFO  [main][Dialect.<init>(Dialect.java:175)] HHH000400: Using dialect: org.hibernate.dialect.MySQL8Dialect
14:36:17.449 WARN  [main][RootClass.checkCompositeIdentifier(RootClass.java:287)] HHH000038: Composite-id class does not override equals(): com.example.demo_project.entity.OrgCompanyId
14:36:17.450 WARN  [main][RootClass.checkCompositeIdentifier(RootClass.java:290)] HHH000039: Composite-id class does not override hashCode(): com.example.demo_project.entity.OrgCompanyId
14:36:17.990 INFO  [main][JtaPlatformInitiator.initiateService(JtaPlatformInitiator.java:52)] HHH000490: Using JtaPlatform implementation: [org.hibernate.engine.transaction.jta.platform.internal.NoJtaPlatform]
14:36:18.008 INFO  [main][LocalContainerEntityManagerFactoryBean.buildNativeEntityManagerFactory(AbstractEntityManagerFactoryBean.java:437)] Initialized JPA EntityManagerFactory for persistence unit 'default'
14:36:19.269 WARN  [main][JpaBaseConfiguration$JpaWebConfiguration.openEntityManagerInViewInterceptor(JpaBaseConfiguration.java:219)] spring.jpa.open-in-view is enabled by default. Therefore, database queries may be performed during view rendering. Explicitly configure spring.jpa.open-in-view to disable this warning
14:36:19.541 INFO  [main][PropertySourcedRequestMappingHandlerMapping.initHandlerMethods(PropertySourcedRequestMappingHandlerMapping.java:69)] Mapped URL path [/v2/api-docs] onto method [springfox.documentation.swagger2.web.Swagger2Controller#getDocumentation(String, HttpServletRequest)]
14:36:19.992 INFO  [main][Http11NioProtocol.log(DirectJDKLog.java:173)] Starting ProtocolHandler ["http-nio-8080"]
14:36:20.024 INFO  [main][TomcatWebServer.start(TomcatWebServer.java:220)] Tomcat started on port(s): 8080 (http) with context path ''
14:36:20.026 INFO  [main][DocumentationPluginsBootstrapper.start(DocumentationPluginsBootstrapper.java:160)] Context refreshed
14:36:20.058 INFO  [main][DocumentationPluginsBootstrapper.start(DocumentationPluginsBootstrapper.java:163)] Found 1 custom documentation plugin(s)
14:36:20.100 INFO  [main][ApiListingReferenceScanner.scan(ApiListingReferenceScanner.java:41)] Scanning for api listing references
14:36:20.573 INFO  [main][DemoProjectApplication.logStarted(StartupInfoLogger.java:61)] Started DemoProjectApplication in 8.256 seconds (JVM running for 9.578)
14:36:39.999 INFO  [http-nio-8080-exec-2][[/].log(DirectJDKLog.java:173)] Initializing Spring DispatcherServlet 'dispatcherServlet'
14:36:40.000 INFO  [http-nio-8080-exec-2][DispatcherServlet.initServletBean(FrameworkServlet.java:525)] Initializing Servlet 'dispatcherServlet'
14:36:40.002 INFO  [http-nio-8080-exec-2][DispatcherServlet.initServletBean(FrameworkServlet.java:547)] Completed initialization in 2 ms
