10:30:22.094 INFO  [main][DemoProjectApplication.logStarting(StartupInfoLogger.java:55)] Starting DemoProjectApplication using Java 17.0.2 on DESKTOP-FMTCKNO with PID 1656 (C:\Users\ASUS\OneDrive\桌面\java_project\demo_project\bin\main started by ASUS in C:\Users\ASUS\OneDrive\桌面\java_project\demo_project)
10:30:22.101 INFO  [main][DemoProjectApplication.logStartupProfileInfo(SpringApplication.java:645)] No active profile set, falling back to 1 default profile: "default"
10:30:24.506 INFO  [main][RepositoryConfigurationDelegate.registerRepositoriesIn(RepositoryConfigurationDelegate.java:132)] Bootstrapping Spring Data JPA repositories in DEFAULT mode.
10:30:24.692 INFO  [main][RepositoryConfigurationDelegate.registerRepositoriesIn(RepositoryConfigurationDelegate.java:201)] Finished Spring Data repository scanning in 165 ms. Found 8 JPA repository interfaces.
10:30:26.211 INFO  [main][TomcatWebServer.initialize(TomcatWebServer.java:108)] Tomcat initialized with port(s): 8080 (http)
10:30:26.228 INFO  [main][Http11NioProtocol.log(DirectJDKLog.java:173)] Initializing ProtocolHandler ["http-nio-8080"]
10:30:26.229 INFO  [main][StandardService.log(DirectJDKLog.java:173)] Starting service [Tomcat]
10:30:26.230 INFO  [main][StandardEngine.log(DirectJDKLog.java:173)] Starting Servlet engine: [Apache Tomcat/9.0.65]
10:30:26.558 INFO  [main][[/].log(DirectJDKLog.java:173)] Initializing Spring embedded WebApplicationContext
10:30:26.558 INFO  [main][ServletWebServerApplicationContext.prepareWebApplicationContext(ServletWebServerApplicationContext.java:290)] Root WebApplicationContext: initialization completed in 4326 ms
10:30:26.766 INFO  [main][HikariDataSource.getConnection(HikariDataSource.java:110)] HikariPool-1 - Starting...
10:30:27.107 INFO  [main][HikariDataSource.getConnection(HikariDataSource.java:123)] HikariPool-1 - Start completed.
10:30:27.459 INFO  [main][LogHelper.logPersistenceUnitInformation(LogHelper.java:31)] HHH000204: Processing PersistenceUnitInfo [name: default]
10:30:27.570 INFO  [main][Version.logVersion(Version.java:44)] HHH000412: Hibernate ORM core version 5.6.11.Final
10:30:27.971 INFO  [main][Version.<clinit>(JavaReflectionManager.java:56)] HCANN000001: Hibernate Commons Annotations {5.1.2.Final}
10:30:28.229 INFO  [main][Dialect.<init>(Dialect.java:175)] HHH000400: Using dialect: org.hibernate.dialect.MySQL8Dialect
10:30:28.804 WARN  [main][RootClass.checkCompositeIdentifier(RootClass.java:287)] HHH000038: Composite-id class does not override equals(): com.example.demo_project.entity.OrgCompanyId
10:30:28.804 WARN  [main][RootClass.checkCompositeIdentifier(RootClass.java:290)] HHH000039: Composite-id class does not override hashCode(): com.example.demo_project.entity.OrgCompanyId
10:30:29.507 INFO  [main][JtaPlatformInitiator.initiateService(JtaPlatformInitiator.java:52)] HHH000490: Using JtaPlatform implementation: [org.hibernate.engine.transaction.jta.platform.internal.NoJtaPlatform]
10:30:29.522 INFO  [main][LocalContainerEntityManagerFactoryBean.buildNativeEntityManagerFactory(AbstractEntityManagerFactoryBean.java:437)] Initialized JPA EntityManagerFactory for persistence unit 'default'
10:30:31.320 WARN  [main][JpaBaseConfiguration$JpaWebConfiguration.openEntityManagerInViewInterceptor(JpaBaseConfiguration.java:219)] spring.jpa.open-in-view is enabled by default. Therefore, database queries may be performed during view rendering. Explicitly configure spring.jpa.open-in-view to disable this warning
10:30:31.570 INFO  [main][PropertySourcedRequestMappingHandlerMapping.initHandlerMethods(PropertySourcedRequestMappingHandlerMapping.java:69)] Mapped URL path [/v2/api-docs] onto method [springfox.documentation.swagger2.web.Swagger2Controller#getDocumentation(String, HttpServletRequest)]
10:30:32.077 INFO  [main][Http11NioProtocol.log(DirectJDKLog.java:173)] Starting ProtocolHandler ["http-nio-8080"]
10:30:32.125 INFO  [main][TomcatWebServer.start(TomcatWebServer.java:220)] Tomcat started on port(s): 8080 (http) with context path ''
10:30:32.126 INFO  [main][DocumentationPluginsBootstrapper.start(DocumentationPluginsBootstrapper.java:160)] Context refreshed
10:30:32.176 INFO  [main][DocumentationPluginsBootstrapper.start(DocumentationPluginsBootstrapper.java:163)] Found 1 custom documentation plugin(s)
10:30:32.230 INFO  [main][ApiListingReferenceScanner.scan(ApiListingReferenceScanner.java:41)] Scanning for api listing references
10:30:32.703 INFO  [main][DemoProjectApplication.logStarted(StartupInfoLogger.java:61)] Started DemoProjectApplication in 11.271 seconds (JVM running for 12.596)
10:41:25.340 INFO  [http-nio-8080-exec-1][[/].log(DirectJDKLog.java:173)] Initializing Spring DispatcherServlet 'dispatcherServlet'
10:41:25.341 INFO  [http-nio-8080-exec-1][DispatcherServlet.initServletBean(FrameworkServlet.java:525)] Initializing Servlet 'dispatcherServlet'
10:41:25.343 INFO  [http-nio-8080-exec-1][DispatcherServlet.initServletBean(FrameworkServlet.java:547)] Completed initialization in 2 ms
