14:59:44.675 INFO  [main][DemoProjectApplication.logStarting(StartupInfoLogger.java:55)] Starting DemoProjectApplication using Java 17.0.2 on DESKTOP-FMTCKNO with PID 3568 (C:\Users\ASUS\OneDrive\桌面\java_project\demo_project\bin\main started by ASUS in C:\Users\ASUS\OneDrive\桌面\java_project\demo_project)
14:59:44.684 INFO  [main][DemoProjectApplication.logStartupProfileInfo(SpringApplication.java:645)] No active profile set, falling back to 1 default profile: "default"
14:59:47.294 INFO  [main][RepositoryConfigurationDelegate.registerRepositoriesIn(RepositoryConfigurationDelegate.java:132)] Bootstrapping Spring Data JPA repositories in DEFAULT mode.
14:59:47.477 INFO  [main][RepositoryConfigurationDelegate.registerRepositoriesIn(RepositoryConfigurationDelegate.java:201)] Finished Spring Data repository scanning in 161 ms. Found 7 JPA repository interfaces.
14:59:48.624 INFO  [main][TomcatWebServer.initialize(TomcatWebServer.java:108)] Tomcat initialized with port(s): 8080 (http)
14:59:48.636 INFO  [main][Http11NioProtocol.log(DirectJDKLog.java:173)] Initializing ProtocolHandler ["http-nio-8080"]
14:59:48.637 INFO  [main][StandardService.log(DirectJDKLog.java:173)] Starting service [Tomcat]
14:59:48.637 INFO  [main][StandardEngine.log(DirectJDKLog.java:173)] Starting Servlet engine: [Apache Tomcat/9.0.65]
14:59:48.838 INFO  [main][[/].log(DirectJDKLog.java:173)] Initializing Spring embedded WebApplicationContext
14:59:48.839 INFO  [main][ServletWebServerApplicationContext.prepareWebApplicationContext(ServletWebServerApplicationContext.java:290)] Root WebApplicationContext: initialization completed in 4031 ms
14:59:49.051 INFO  [main][HikariDataSource.getConnection(HikariDataSource.java:110)] HikariPool-1 - Starting...
14:59:49.325 INFO  [main][HikariDataSource.getConnection(HikariDataSource.java:123)] HikariPool-1 - Start completed.
14:59:49.595 INFO  [main][LogHelper.logPersistenceUnitInformation(LogHelper.java:31)] HHH000204: Processing PersistenceUnitInfo [name: default]
14:59:49.693 INFO  [main][Version.logVersion(Version.java:44)] HHH000412: Hibernate ORM core version 5.6.11.Final
14:59:50.027 INFO  [main][Version.<clinit>(JavaReflectionManager.java:56)] HCANN000001: Hibernate Commons Annotations {5.1.2.Final}
14:59:50.224 INFO  [main][Dialect.<init>(Dialect.java:175)] HHH000400: Using dialect: org.hibernate.dialect.MySQL8Dialect
14:59:50.633 WARN  [main][RootClass.checkCompositeIdentifier(RootClass.java:287)] HHH000038: Composite-id class does not override equals(): com.example.demo_project.entity.OrgCompanyId
14:59:50.634 WARN  [main][RootClass.checkCompositeIdentifier(RootClass.java:290)] HHH000039: Composite-id class does not override hashCode(): com.example.demo_project.entity.OrgCompanyId
14:59:51.168 INFO  [main][JtaPlatformInitiator.initiateService(JtaPlatformInitiator.java:52)] HHH000490: Using JtaPlatform implementation: [org.hibernate.engine.transaction.jta.platform.internal.NoJtaPlatform]
14:59:51.181 INFO  [main][LocalContainerEntityManagerFactoryBean.buildNativeEntityManagerFactory(AbstractEntityManagerFactoryBean.java:437)] Initialized JPA EntityManagerFactory for persistence unit 'default'
14:59:52.256 WARN  [main][JpaBaseConfiguration$JpaWebConfiguration.openEntityManagerInViewInterceptor(JpaBaseConfiguration.java:219)] spring.jpa.open-in-view is enabled by default. Therefore, database queries may be performed during view rendering. Explicitly configure spring.jpa.open-in-view to disable this warning
14:59:52.500 INFO  [main][PropertySourcedRequestMappingHandlerMapping.initHandlerMethods(PropertySourcedRequestMappingHandlerMapping.java:69)] Mapped URL path [/v2/api-docs] onto method [springfox.documentation.swagger2.web.Swagger2Controller#getDocumentation(String, HttpServletRequest)]
14:59:52.873 INFO  [main][Http11NioProtocol.log(DirectJDKLog.java:173)] Starting ProtocolHandler ["http-nio-8080"]
14:59:52.913 INFO  [main][TomcatWebServer.start(TomcatWebServer.java:220)] Tomcat started on port(s): 8080 (http) with context path ''
14:59:52.914 INFO  [main][DocumentationPluginsBootstrapper.start(DocumentationPluginsBootstrapper.java:160)] Context refreshed
14:59:52.953 INFO  [main][DocumentationPluginsBootstrapper.start(DocumentationPluginsBootstrapper.java:163)] Found 1 custom documentation plugin(s)
14:59:53.002 INFO  [main][ApiListingReferenceScanner.scan(ApiListingReferenceScanner.java:41)] Scanning for api listing references
14:59:53.314 INFO  [main][DemoProjectApplication.logStarted(StartupInfoLogger.java:61)] Started DemoProjectApplication in 9.242 seconds (JVM running for 10.358)
15:01:36.810 INFO  [http-nio-8080-exec-2][[/].log(DirectJDKLog.java:173)] Initializing Spring DispatcherServlet 'dispatcherServlet'
15:01:36.810 INFO  [http-nio-8080-exec-2][DispatcherServlet.initServletBean(FrameworkServlet.java:525)] Initializing Servlet 'dispatcherServlet'
15:01:36.813 INFO  [http-nio-8080-exec-2][DispatcherServlet.initServletBean(FrameworkServlet.java:547)] Completed initialization in 2 ms
15:04:07.540 INFO  [main][DemoProjectApplication.logStarting(StartupInfoLogger.java:55)] Starting DemoProjectApplication using Java 17.0.2 on DESKTOP-FMTCKNO with PID 11612 (C:\Users\ASUS\OneDrive\桌面\java_project\demo_project\bin\main started by ASUS in C:\Users\ASUS\OneDrive\桌面\java_project\demo_project)
15:04:07.547 INFO  [main][DemoProjectApplication.logStartupProfileInfo(SpringApplication.java:645)] No active profile set, falling back to 1 default profile: "default"
15:04:09.618 INFO  [main][RepositoryConfigurationDelegate.registerRepositoriesIn(RepositoryConfigurationDelegate.java:132)] Bootstrapping Spring Data JPA repositories in DEFAULT mode.
15:04:09.859 INFO  [main][RepositoryConfigurationDelegate.registerRepositoriesIn(RepositoryConfigurationDelegate.java:201)] Finished Spring Data repository scanning in 214 ms. Found 7 JPA repository interfaces.
15:04:10.966 INFO  [main][TomcatWebServer.initialize(TomcatWebServer.java:108)] Tomcat initialized with port(s): 8080 (http)
15:04:10.980 INFO  [main][Http11NioProtocol.log(DirectJDKLog.java:173)] Initializing ProtocolHandler ["http-nio-8080"]
15:04:10.982 INFO  [main][StandardService.log(DirectJDKLog.java:173)] Starting service [Tomcat]
15:04:10.982 INFO  [main][StandardEngine.log(DirectJDKLog.java:173)] Starting Servlet engine: [Apache Tomcat/9.0.65]
15:04:11.185 INFO  [main][[/].log(DirectJDKLog.java:173)] Initializing Spring embedded WebApplicationContext
15:04:11.186 INFO  [main][ServletWebServerApplicationContext.prepareWebApplicationContext(ServletWebServerApplicationContext.java:290)] Root WebApplicationContext: initialization completed in 3508 ms
15:04:11.363 INFO  [main][HikariDataSource.getConnection(HikariDataSource.java:110)] HikariPool-1 - Starting...
15:04:11.654 INFO  [main][HikariDataSource.getConnection(HikariDataSource.java:123)] HikariPool-1 - Start completed.
15:04:11.946 INFO  [main][LogHelper.logPersistenceUnitInformation(LogHelper.java:31)] HHH000204: Processing PersistenceUnitInfo [name: default]
15:04:12.024 INFO  [main][Version.logVersion(Version.java:44)] HHH000412: Hibernate ORM core version 5.6.11.Final
15:04:12.324 INFO  [main][Version.<clinit>(JavaReflectionManager.java:56)] HCANN000001: Hibernate Commons Annotations {5.1.2.Final}
15:04:12.539 INFO  [main][Dialect.<init>(Dialect.java:175)] HHH000400: Using dialect: org.hibernate.dialect.MySQL8Dialect
15:04:12.931 WARN  [main][RootClass.checkCompositeIdentifier(RootClass.java:287)] HHH000038: Composite-id class does not override equals(): com.example.demo_project.entity.OrgCompanyId
15:04:12.931 WARN  [main][RootClass.checkCompositeIdentifier(RootClass.java:290)] HHH000039: Composite-id class does not override hashCode(): com.example.demo_project.entity.OrgCompanyId
15:04:13.503 INFO  [main][JtaPlatformInitiator.initiateService(JtaPlatformInitiator.java:52)] HHH000490: Using JtaPlatform implementation: [org.hibernate.engine.transaction.jta.platform.internal.NoJtaPlatform]
15:04:13.521 INFO  [main][LocalContainerEntityManagerFactoryBean.buildNativeEntityManagerFactory(AbstractEntityManagerFactoryBean.java:437)] Initialized JPA EntityManagerFactory for persistence unit 'default'
15:04:14.562 WARN  [main][JpaBaseConfiguration$JpaWebConfiguration.openEntityManagerInViewInterceptor(JpaBaseConfiguration.java:219)] spring.jpa.open-in-view is enabled by default. Therefore, database queries may be performed during view rendering. Explicitly configure spring.jpa.open-in-view to disable this warning
15:04:14.798 INFO  [main][PropertySourcedRequestMappingHandlerMapping.initHandlerMethods(PropertySourcedRequestMappingHandlerMapping.java:69)] Mapped URL path [/v2/api-docs] onto method [springfox.documentation.swagger2.web.Swagger2Controller#getDocumentation(String, HttpServletRequest)]
15:04:15.271 INFO  [main][Http11NioProtocol.log(DirectJDKLog.java:173)] Starting ProtocolHandler ["http-nio-8080"]
15:04:15.304 INFO  [main][TomcatWebServer.start(TomcatWebServer.java:220)] Tomcat started on port(s): 8080 (http) with context path ''
15:04:15.306 INFO  [main][DocumentationPluginsBootstrapper.start(DocumentationPluginsBootstrapper.java:160)] Context refreshed
15:04:15.339 INFO  [main][DocumentationPluginsBootstrapper.start(DocumentationPluginsBootstrapper.java:163)] Found 1 custom documentation plugin(s)
15:04:15.372 INFO  [main][ApiListingReferenceScanner.scan(ApiListingReferenceScanner.java:41)] Scanning for api listing references
15:04:15.712 INFO  [main][DemoProjectApplication.logStarted(StartupInfoLogger.java:61)] Started DemoProjectApplication in 8.687 seconds (JVM running for 9.537)
15:04:19.201 INFO  [http-nio-8080-exec-2][[/].log(DirectJDKLog.java:173)] Initializing Spring DispatcherServlet 'dispatcherServlet'
15:04:19.202 INFO  [http-nio-8080-exec-2][DispatcherServlet.initServletBean(FrameworkServlet.java:525)] Initializing Servlet 'dispatcherServlet'
15:04:19.207 INFO  [http-nio-8080-exec-2][DispatcherServlet.initServletBean(FrameworkServlet.java:547)] Completed initialization in 5 ms
15:21:47.718 INFO  [main][DemoProjectApplication.logStarting(StartupInfoLogger.java:55)] Starting DemoProjectApplication using Java 17.0.2 on DESKTOP-FMTCKNO with PID 9896 (C:\Users\ASUS\OneDrive\桌面\java_project\demo_project\bin\main started by ASUS in C:\Users\ASUS\OneDrive\桌面\java_project\demo_project)
15:21:47.726 INFO  [main][DemoProjectApplication.logStartupProfileInfo(SpringApplication.java:645)] No active profile set, falling back to 1 default profile: "default"
15:21:49.257 INFO  [main][RepositoryConfigurationDelegate.registerRepositoriesIn(RepositoryConfigurationDelegate.java:132)] Bootstrapping Spring Data JPA repositories in DEFAULT mode.
15:21:49.415 INFO  [main][RepositoryConfigurationDelegate.registerRepositoriesIn(RepositoryConfigurationDelegate.java:201)] Finished Spring Data repository scanning in 135 ms. Found 7 JPA repository interfaces.
15:21:50.480 INFO  [main][TomcatWebServer.initialize(TomcatWebServer.java:108)] Tomcat initialized with port(s): 8080 (http)
15:21:50.494 INFO  [main][Http11NioProtocol.log(DirectJDKLog.java:173)] Initializing ProtocolHandler ["http-nio-8080"]
15:21:50.495 INFO  [main][StandardService.log(DirectJDKLog.java:173)] Starting service [Tomcat]
15:21:50.496 INFO  [main][StandardEngine.log(DirectJDKLog.java:173)] Starting Servlet engine: [Apache Tomcat/9.0.65]
15:21:50.684 INFO  [main][[/].log(DirectJDKLog.java:173)] Initializing Spring embedded WebApplicationContext
15:21:50.685 INFO  [main][ServletWebServerApplicationContext.prepareWebApplicationContext(ServletWebServerApplicationContext.java:290)] Root WebApplicationContext: initialization completed in 2845 ms
15:21:50.868 INFO  [main][HikariDataSource.getConnection(HikariDataSource.java:110)] HikariPool-1 - Starting...
15:21:51.138 INFO  [main][HikariDataSource.getConnection(HikariDataSource.java:123)] HikariPool-1 - Start completed.
15:21:51.378 INFO  [main][LogHelper.logPersistenceUnitInformation(LogHelper.java:31)] HHH000204: Processing PersistenceUnitInfo [name: default]
15:21:51.448 INFO  [main][Version.logVersion(Version.java:44)] HHH000412: Hibernate ORM core version 5.6.11.Final
15:21:51.717 INFO  [main][Version.<clinit>(JavaReflectionManager.java:56)] HCANN000001: Hibernate Commons Annotations {5.1.2.Final}
15:21:51.915 INFO  [main][Dialect.<init>(Dialect.java:175)] HHH000400: Using dialect: org.hibernate.dialect.MySQL8Dialect
15:21:52.296 WARN  [main][RootClass.checkCompositeIdentifier(RootClass.java:287)] HHH000038: Composite-id class does not override equals(): com.example.demo_project.entity.OrgCompanyId
15:21:52.297 WARN  [main][RootClass.checkCompositeIdentifier(RootClass.java:290)] HHH000039: Composite-id class does not override hashCode(): com.example.demo_project.entity.OrgCompanyId
15:21:52.805 INFO  [main][JtaPlatformInitiator.initiateService(JtaPlatformInitiator.java:52)] HHH000490: Using JtaPlatform implementation: [org.hibernate.engine.transaction.jta.platform.internal.NoJtaPlatform]
15:21:52.819 INFO  [main][LocalContainerEntityManagerFactoryBean.buildNativeEntityManagerFactory(AbstractEntityManagerFactoryBean.java:437)] Initialized JPA EntityManagerFactory for persistence unit 'default'
15:21:53.863 WARN  [main][JpaBaseConfiguration$JpaWebConfiguration.openEntityManagerInViewInterceptor(JpaBaseConfiguration.java:219)] spring.jpa.open-in-view is enabled by default. Therefore, database queries may be performed during view rendering. Explicitly configure spring.jpa.open-in-view to disable this warning
15:21:54.078 INFO  [main][PropertySourcedRequestMappingHandlerMapping.initHandlerMethods(PropertySourcedRequestMappingHandlerMapping.java:69)] Mapped URL path [/v2/api-docs] onto method [springfox.documentation.swagger2.web.Swagger2Controller#getDocumentation(String, HttpServletRequest)]
15:21:54.451 INFO  [main][Http11NioProtocol.log(DirectJDKLog.java:173)] Starting ProtocolHandler ["http-nio-8080"]
15:21:54.460 WARN  [main][AnnotationConfigServletWebServerApplicationContext.refresh(AbstractApplicationContext.java:591)] Exception encountered during context initialization - cancelling refresh attempt: org.springframework.context.ApplicationContextException: Failed to start bean 'webServerStartStop'; nested exception is org.springframework.boot.web.server.PortInUseException: Port 8080 is already in use
15:21:54.468 INFO  [main][LocalContainerEntityManagerFactoryBean.destroy(AbstractEntityManagerFactoryBean.java:651)] Closing JPA EntityManagerFactory for persistence unit 'default'
15:21:54.471 INFO  [main][HikariDataSource.close(HikariDataSource.java:350)] HikariPool-1 - Shutdown initiated...
15:21:54.482 INFO  [main][HikariDataSource.close(HikariDataSource.java:352)] HikariPool-1 - Shutdown completed.
15:21:54.485 INFO  [main][Http11NioProtocol.log(DirectJDKLog.java:173)] Pausing ProtocolHandler ["http-nio-8080"]
15:21:54.486 INFO  [main][StandardService.log(DirectJDKLog.java:173)] Stopping service [Tomcat]
15:21:54.491 INFO  [main][Http11NioProtocol.log(DirectJDKLog.java:173)] Stopping ProtocolHandler ["http-nio-8080"]
15:21:54.491 INFO  [main][Http11NioProtocol.log(DirectJDKLog.java:173)] Destroying ProtocolHandler ["http-nio-8080"]
15:21:54.501 INFO  [main][ConditionEvaluationReportLoggingListener.logMessage(ConditionEvaluationReportLoggingListener.java:136)] 

Error starting ApplicationContext. To display the conditions report re-run your application with 'debug' enabled.
15:21:54.539 ERROR [main][LoggingFailureAnalysisReporter.report(LoggingFailureAnalysisReporter.java:40)] 

***************************
APPLICATION FAILED TO START
***************************

Description:

Web server failed to start. Port 8080 was already in use.

Action:

Identify and stop the process that's listening on port 8080 or configure this application to listen on another port.

15:22:23.695 INFO  [main][DemoProjectApplication.logStarting(StartupInfoLogger.java:55)] Starting DemoProjectApplication using Java 17.0.2 on DESKTOP-FMTCKNO with PID 1976 (C:\Users\ASUS\OneDrive\桌面\java_project\demo_project\bin\main started by ASUS in C:\Users\ASUS\OneDrive\桌面\java_project\demo_project)
15:22:23.701 INFO  [main][DemoProjectApplication.logStartupProfileInfo(SpringApplication.java:645)] No active profile set, falling back to 1 default profile: "default"
15:22:25.197 INFO  [main][RepositoryConfigurationDelegate.registerRepositoriesIn(RepositoryConfigurationDelegate.java:132)] Bootstrapping Spring Data JPA repositories in DEFAULT mode.
15:22:25.354 INFO  [main][RepositoryConfigurationDelegate.registerRepositoriesIn(RepositoryConfigurationDelegate.java:201)] Finished Spring Data repository scanning in 137 ms. Found 7 JPA repository interfaces.
15:22:26.443 INFO  [main][TomcatWebServer.initialize(TomcatWebServer.java:108)] Tomcat initialized with port(s): 8080 (http)
15:22:26.459 INFO  [main][Http11NioProtocol.log(DirectJDKLog.java:173)] Initializing ProtocolHandler ["http-nio-8080"]
15:22:26.460 INFO  [main][StandardService.log(DirectJDKLog.java:173)] Starting service [Tomcat]
15:22:26.461 INFO  [main][StandardEngine.log(DirectJDKLog.java:173)] Starting Servlet engine: [Apache Tomcat/9.0.65]
15:22:26.648 INFO  [main][[/].log(DirectJDKLog.java:173)] Initializing Spring embedded WebApplicationContext
15:22:26.649 INFO  [main][ServletWebServerApplicationContext.prepareWebApplicationContext(ServletWebServerApplicationContext.java:290)] Root WebApplicationContext: initialization completed in 2828 ms
15:22:26.842 INFO  [main][HikariDataSource.getConnection(HikariDataSource.java:110)] HikariPool-1 - Starting...
15:22:27.143 INFO  [main][HikariDataSource.getConnection(HikariDataSource.java:123)] HikariPool-1 - Start completed.
15:22:27.404 INFO  [main][LogHelper.logPersistenceUnitInformation(LogHelper.java:31)] HHH000204: Processing PersistenceUnitInfo [name: default]
15:22:27.491 INFO  [main][Version.logVersion(Version.java:44)] HHH000412: Hibernate ORM core version 5.6.11.Final
15:22:27.814 INFO  [main][Version.<clinit>(JavaReflectionManager.java:56)] HCANN000001: Hibernate Commons Annotations {5.1.2.Final}
15:22:28.005 INFO  [main][Dialect.<init>(Dialect.java:175)] HHH000400: Using dialect: org.hibernate.dialect.MySQL8Dialect
15:22:28.421 WARN  [main][RootClass.checkCompositeIdentifier(RootClass.java:287)] HHH000038: Composite-id class does not override equals(): com.example.demo_project.entity.OrgCompanyId
15:22:28.422 WARN  [main][RootClass.checkCompositeIdentifier(RootClass.java:290)] HHH000039: Composite-id class does not override hashCode(): com.example.demo_project.entity.OrgCompanyId
15:22:28.950 INFO  [main][JtaPlatformInitiator.initiateService(JtaPlatformInitiator.java:52)] HHH000490: Using JtaPlatform implementation: [org.hibernate.engine.transaction.jta.platform.internal.NoJtaPlatform]
15:22:28.966 INFO  [main][LocalContainerEntityManagerFactoryBean.buildNativeEntityManagerFactory(AbstractEntityManagerFactoryBean.java:437)] Initialized JPA EntityManagerFactory for persistence unit 'default'
15:22:30.050 WARN  [main][JpaBaseConfiguration$JpaWebConfiguration.openEntityManagerInViewInterceptor(JpaBaseConfiguration.java:219)] spring.jpa.open-in-view is enabled by default. Therefore, database queries may be performed during view rendering. Explicitly configure spring.jpa.open-in-view to disable this warning
15:22:30.291 INFO  [main][PropertySourcedRequestMappingHandlerMapping.initHandlerMethods(PropertySourcedRequestMappingHandlerMapping.java:69)] Mapped URL path [/v2/api-docs] onto method [springfox.documentation.swagger2.web.Swagger2Controller#getDocumentation(String, HttpServletRequest)]
15:22:30.669 INFO  [main][Http11NioProtocol.log(DirectJDKLog.java:173)] Starting ProtocolHandler ["http-nio-8080"]
15:22:30.677 WARN  [main][AnnotationConfigServletWebServerApplicationContext.refresh(AbstractApplicationContext.java:591)] Exception encountered during context initialization - cancelling refresh attempt: org.springframework.context.ApplicationContextException: Failed to start bean 'webServerStartStop'; nested exception is org.springframework.boot.web.server.PortInUseException: Port 8080 is already in use
15:22:30.692 INFO  [main][LocalContainerEntityManagerFactoryBean.destroy(AbstractEntityManagerFactoryBean.java:651)] Closing JPA EntityManagerFactory for persistence unit 'default'
15:22:30.697 INFO  [main][HikariDataSource.close(HikariDataSource.java:350)] HikariPool-1 - Shutdown initiated...
15:22:30.715 INFO  [main][HikariDataSource.close(HikariDataSource.java:352)] HikariPool-1 - Shutdown completed.
15:22:30.718 INFO  [main][Http11NioProtocol.log(DirectJDKLog.java:173)] Pausing ProtocolHandler ["http-nio-8080"]
15:22:30.719 INFO  [main][StandardService.log(DirectJDKLog.java:173)] Stopping service [Tomcat]
15:22:30.728 INFO  [main][Http11NioProtocol.log(DirectJDKLog.java:173)] Stopping ProtocolHandler ["http-nio-8080"]
15:22:30.730 INFO  [main][Http11NioProtocol.log(DirectJDKLog.java:173)] Destroying ProtocolHandler ["http-nio-8080"]
15:22:30.740 INFO  [main][ConditionEvaluationReportLoggingListener.logMessage(ConditionEvaluationReportLoggingListener.java:136)] 

Error starting ApplicationContext. To display the conditions report re-run your application with 'debug' enabled.
15:22:30.765 ERROR [main][LoggingFailureAnalysisReporter.report(LoggingFailureAnalysisReporter.java:40)] 

***************************
APPLICATION FAILED TO START
***************************

Description:

Web server failed to start. Port 8080 was already in use.

Action:

Identify and stop the process that's listening on port 8080 or configure this application to listen on another port.

15:23:11.560 INFO  [main][DemoProjectApplication.logStarting(StartupInfoLogger.java:55)] Starting DemoProjectApplication using Java 17.0.2 on DESKTOP-FMTCKNO with PID 6756 (C:\Users\ASUS\OneDrive\桌面\java_project\demo_project\bin\main started by ASUS in C:\Users\ASUS\OneDrive\桌面\java_project\demo_project)
15:23:11.567 INFO  [main][DemoProjectApplication.logStartupProfileInfo(SpringApplication.java:645)] No active profile set, falling back to 1 default profile: "default"
15:23:13.011 INFO  [main][RepositoryConfigurationDelegate.registerRepositoriesIn(RepositoryConfigurationDelegate.java:132)] Bootstrapping Spring Data JPA repositories in DEFAULT mode.
15:23:13.174 INFO  [main][RepositoryConfigurationDelegate.registerRepositoriesIn(RepositoryConfigurationDelegate.java:201)] Finished Spring Data repository scanning in 144 ms. Found 7 JPA repository interfaces.
15:23:14.149 INFO  [main][TomcatWebServer.initialize(TomcatWebServer.java:108)] Tomcat initialized with port(s): 8080 (http)
15:23:14.168 INFO  [main][Http11NioProtocol.log(DirectJDKLog.java:173)] Initializing ProtocolHandler ["http-nio-8080"]
15:23:14.169 INFO  [main][StandardService.log(DirectJDKLog.java:173)] Starting service [Tomcat]
15:23:14.170 INFO  [main][StandardEngine.log(DirectJDKLog.java:173)] Starting Servlet engine: [Apache Tomcat/9.0.65]
15:23:14.350 INFO  [main][[/].log(DirectJDKLog.java:173)] Initializing Spring embedded WebApplicationContext
15:23:14.352 INFO  [main][ServletWebServerApplicationContext.prepareWebApplicationContext(ServletWebServerApplicationContext.java:290)] Root WebApplicationContext: initialization completed in 2684 ms
15:23:14.529 INFO  [main][HikariDataSource.getConnection(HikariDataSource.java:110)] HikariPool-1 - Starting...
15:23:14.788 INFO  [main][HikariDataSource.getConnection(HikariDataSource.java:123)] HikariPool-1 - Start completed.
15:23:15.045 INFO  [main][LogHelper.logPersistenceUnitInformation(LogHelper.java:31)] HHH000204: Processing PersistenceUnitInfo [name: default]
15:23:15.143 INFO  [main][Version.logVersion(Version.java:44)] HHH000412: Hibernate ORM core version 5.6.11.Final
15:23:15.425 INFO  [main][Version.<clinit>(JavaReflectionManager.java:56)] HCANN000001: Hibernate Commons Annotations {5.1.2.Final}
15:23:15.592 INFO  [main][Dialect.<init>(Dialect.java:175)] HHH000400: Using dialect: org.hibernate.dialect.MySQL8Dialect
15:23:16.006 WARN  [main][RootClass.checkCompositeIdentifier(RootClass.java:287)] HHH000038: Composite-id class does not override equals(): com.example.demo_project.entity.OrgCompanyId
15:23:16.009 WARN  [main][RootClass.checkCompositeIdentifier(RootClass.java:290)] HHH000039: Composite-id class does not override hashCode(): com.example.demo_project.entity.OrgCompanyId
15:23:16.615 INFO  [main][JtaPlatformInitiator.initiateService(JtaPlatformInitiator.java:52)] HHH000490: Using JtaPlatform implementation: [org.hibernate.engine.transaction.jta.platform.internal.NoJtaPlatform]
15:23:16.631 INFO  [main][LocalContainerEntityManagerFactoryBean.buildNativeEntityManagerFactory(AbstractEntityManagerFactoryBean.java:437)] Initialized JPA EntityManagerFactory for persistence unit 'default'
15:23:17.698 WARN  [main][JpaBaseConfiguration$JpaWebConfiguration.openEntityManagerInViewInterceptor(JpaBaseConfiguration.java:219)] spring.jpa.open-in-view is enabled by default. Therefore, database queries may be performed during view rendering. Explicitly configure spring.jpa.open-in-view to disable this warning
15:23:17.964 INFO  [main][PropertySourcedRequestMappingHandlerMapping.initHandlerMethods(PropertySourcedRequestMappingHandlerMapping.java:69)] Mapped URL path [/v2/api-docs] onto method [springfox.documentation.swagger2.web.Swagger2Controller#getDocumentation(String, HttpServletRequest)]
15:23:18.342 INFO  [main][Http11NioProtocol.log(DirectJDKLog.java:173)] Starting ProtocolHandler ["http-nio-8080"]
15:23:18.351 WARN  [main][AnnotationConfigServletWebServerApplicationContext.refresh(AbstractApplicationContext.java:591)] Exception encountered during context initialization - cancelling refresh attempt: org.springframework.context.ApplicationContextException: Failed to start bean 'webServerStartStop'; nested exception is org.springframework.boot.web.server.PortInUseException: Port 8080 is already in use
15:23:18.358 INFO  [main][LocalContainerEntityManagerFactoryBean.destroy(AbstractEntityManagerFactoryBean.java:651)] Closing JPA EntityManagerFactory for persistence unit 'default'
15:23:18.362 INFO  [main][HikariDataSource.close(HikariDataSource.java:350)] HikariPool-1 - Shutdown initiated...
15:23:18.375 INFO  [main][HikariDataSource.close(HikariDataSource.java:352)] HikariPool-1 - Shutdown completed.
15:23:18.378 INFO  [main][Http11NioProtocol.log(DirectJDKLog.java:173)] Pausing ProtocolHandler ["http-nio-8080"]
15:23:18.379 INFO  [main][StandardService.log(DirectJDKLog.java:173)] Stopping service [Tomcat]
15:23:18.392 INFO  [main][Http11NioProtocol.log(DirectJDKLog.java:173)] Stopping ProtocolHandler ["http-nio-8080"]
15:23:18.393 INFO  [main][Http11NioProtocol.log(DirectJDKLog.java:173)] Destroying ProtocolHandler ["http-nio-8080"]
15:23:18.405 INFO  [main][ConditionEvaluationReportLoggingListener.logMessage(ConditionEvaluationReportLoggingListener.java:136)] 

Error starting ApplicationContext. To display the conditions report re-run your application with 'debug' enabled.
15:23:18.434 ERROR [main][LoggingFailureAnalysisReporter.report(LoggingFailureAnalysisReporter.java:40)] 

***************************
APPLICATION FAILED TO START
***************************

Description:

Web server failed to start. Port 8080 was already in use.

Action:

Identify and stop the process that's listening on port 8080 or configure this application to listen on another port.

15:25:15.986 INFO  [main][DemoProjectApplication.logStarting(StartupInfoLogger.java:55)] Starting DemoProjectApplication using Java 17.0.2 on DESKTOP-FMTCKNO with PID 7236 (C:\Users\ASUS\OneDrive\桌面\java_project\demo_project\bin\main started by ASUS in C:\Users\ASUS\OneDrive\桌面\java_project\demo_project)
15:25:15.998 INFO  [main][DemoProjectApplication.logStartupProfileInfo(SpringApplication.java:645)] No active profile set, falling back to 1 default profile: "default"
15:25:18.254 INFO  [main][RepositoryConfigurationDelegate.registerRepositoriesIn(RepositoryConfigurationDelegate.java:132)] Bootstrapping Spring Data JPA repositories in DEFAULT mode.
15:25:18.422 INFO  [main][RepositoryConfigurationDelegate.registerRepositoriesIn(RepositoryConfigurationDelegate.java:201)] Finished Spring Data repository scanning in 147 ms. Found 7 JPA repository interfaces.
15:25:19.740 INFO  [main][TomcatWebServer.initialize(TomcatWebServer.java:108)] Tomcat initialized with port(s): 8080 (http)
15:25:19.756 INFO  [main][Http11NioProtocol.log(DirectJDKLog.java:173)] Initializing ProtocolHandler ["http-nio-8080"]
15:25:19.758 INFO  [main][StandardService.log(DirectJDKLog.java:173)] Starting service [Tomcat]
15:25:19.759 INFO  [main][StandardEngine.log(DirectJDKLog.java:173)] Starting Servlet engine: [Apache Tomcat/9.0.65]
15:25:20.042 INFO  [main][[/].log(DirectJDKLog.java:173)] Initializing Spring embedded WebApplicationContext
15:25:20.046 INFO  [main][ServletWebServerApplicationContext.prepareWebApplicationContext(ServletWebServerApplicationContext.java:290)] Root WebApplicationContext: initialization completed in 3740 ms
15:25:20.212 INFO  [main][HikariDataSource.getConnection(HikariDataSource.java:110)] HikariPool-1 - Starting...
15:25:20.483 INFO  [main][HikariDataSource.getConnection(HikariDataSource.java:123)] HikariPool-1 - Start completed.
15:25:20.762 INFO  [main][LogHelper.logPersistenceUnitInformation(LogHelper.java:31)] HHH000204: Processing PersistenceUnitInfo [name: default]
15:25:20.845 INFO  [main][Version.logVersion(Version.java:44)] HHH000412: Hibernate ORM core version 5.6.11.Final
15:25:21.127 INFO  [main][Version.<clinit>(JavaReflectionManager.java:56)] HCANN000001: Hibernate Commons Annotations {5.1.2.Final}
15:25:21.303 INFO  [main][Dialect.<init>(Dialect.java:175)] HHH000400: Using dialect: org.hibernate.dialect.MySQL8Dialect
15:25:21.730 WARN  [main][RootClass.checkCompositeIdentifier(RootClass.java:287)] HHH000038: Composite-id class does not override equals(): com.example.demo_project.entity.OrgCompanyId
15:25:21.739 WARN  [main][RootClass.checkCompositeIdentifier(RootClass.java:290)] HHH000039: Composite-id class does not override hashCode(): com.example.demo_project.entity.OrgCompanyId
15:25:22.366 INFO  [main][JtaPlatformInitiator.initiateService(JtaPlatformInitiator.java:52)] HHH000490: Using JtaPlatform implementation: [org.hibernate.engine.transaction.jta.platform.internal.NoJtaPlatform]
15:25:22.382 INFO  [main][LocalContainerEntityManagerFactoryBean.buildNativeEntityManagerFactory(AbstractEntityManagerFactoryBean.java:437)] Initialized JPA EntityManagerFactory for persistence unit 'default'
15:25:23.361 WARN  [main][JpaBaseConfiguration$JpaWebConfiguration.openEntityManagerInViewInterceptor(JpaBaseConfiguration.java:219)] spring.jpa.open-in-view is enabled by default. Therefore, database queries may be performed during view rendering. Explicitly configure spring.jpa.open-in-view to disable this warning
15:25:23.598 INFO  [main][PropertySourcedRequestMappingHandlerMapping.initHandlerMethods(PropertySourcedRequestMappingHandlerMapping.java:69)] Mapped URL path [/v2/api-docs] onto method [springfox.documentation.swagger2.web.Swagger2Controller#getDocumentation(String, HttpServletRequest)]
15:25:24.022 INFO  [main][Http11NioProtocol.log(DirectJDKLog.java:173)] Starting ProtocolHandler ["http-nio-8080"]
15:25:24.061 INFO  [main][TomcatWebServer.start(TomcatWebServer.java:220)] Tomcat started on port(s): 8080 (http) with context path ''
15:25:24.063 INFO  [main][DocumentationPluginsBootstrapper.start(DocumentationPluginsBootstrapper.java:160)] Context refreshed
15:25:24.094 INFO  [main][DocumentationPluginsBootstrapper.start(DocumentationPluginsBootstrapper.java:163)] Found 1 custom documentation plugin(s)
15:25:24.148 INFO  [main][ApiListingReferenceScanner.scan(ApiListingReferenceScanner.java:41)] Scanning for api listing references
15:25:24.537 INFO  [main][DemoProjectApplication.logStarted(StartupInfoLogger.java:61)] Started DemoProjectApplication in 9.145 seconds (JVM running for 10.467)
15:25:28.144 INFO  [http-nio-8080-exec-1][[/].log(DirectJDKLog.java:173)] Initializing Spring DispatcherServlet 'dispatcherServlet'
15:25:28.145 INFO  [http-nio-8080-exec-1][DispatcherServlet.initServletBean(FrameworkServlet.java:525)] Initializing Servlet 'dispatcherServlet'
15:25:28.148 INFO  [http-nio-8080-exec-1][DispatcherServlet.initServletBean(FrameworkServlet.java:547)] Completed initialization in 3 ms
16:02:41.778 INFO  [main][DemoProjectApplication.logStarting(StartupInfoLogger.java:55)] Starting DemoProjectApplication using Java 17.0.2 on DESKTOP-FMTCKNO with PID 8204 (C:\Users\ASUS\OneDrive\桌面\java_project\demo_project\bin\main started by ASUS in C:\Users\ASUS\OneDrive\桌面\java_project\demo_project)
16:02:41.785 INFO  [main][DemoProjectApplication.logStartupProfileInfo(SpringApplication.java:645)] No active profile set, falling back to 1 default profile: "default"
16:02:43.660 INFO  [main][RepositoryConfigurationDelegate.registerRepositoriesIn(RepositoryConfigurationDelegate.java:132)] Bootstrapping Spring Data JPA repositories in DEFAULT mode.
16:02:43.848 INFO  [main][RepositoryConfigurationDelegate.registerRepositoriesIn(RepositoryConfigurationDelegate.java:201)] Finished Spring Data repository scanning in 166 ms. Found 7 JPA repository interfaces.
16:02:45.117 INFO  [main][TomcatWebServer.initialize(TomcatWebServer.java:108)] Tomcat initialized with port(s): 8080 (http)
16:02:45.142 INFO  [main][Http11NioProtocol.log(DirectJDKLog.java:173)] Initializing ProtocolHandler ["http-nio-8080"]
16:02:45.146 INFO  [main][StandardService.log(DirectJDKLog.java:173)] Starting service [Tomcat]
16:02:45.147 INFO  [main][StandardEngine.log(DirectJDKLog.java:173)] Starting Servlet engine: [Apache Tomcat/9.0.65]
16:02:45.414 INFO  [main][[/].log(DirectJDKLog.java:173)] Initializing Spring embedded WebApplicationContext
16:02:45.417 INFO  [main][ServletWebServerApplicationContext.prepareWebApplicationContext(ServletWebServerApplicationContext.java:290)] Root WebApplicationContext: initialization completed in 3522 ms
16:02:45.625 INFO  [main][HikariDataSource.getConnection(HikariDataSource.java:110)] HikariPool-1 - Starting...
16:02:45.983 INFO  [main][HikariDataSource.getConnection(HikariDataSource.java:123)] HikariPool-1 - Start completed.
16:02:46.316 INFO  [main][LogHelper.logPersistenceUnitInformation(LogHelper.java:31)] HHH000204: Processing PersistenceUnitInfo [name: default]
16:02:46.397 INFO  [main][Version.logVersion(Version.java:44)] HHH000412: Hibernate ORM core version 5.6.11.Final
16:02:46.691 INFO  [main][Version.<clinit>(JavaReflectionManager.java:56)] HCANN000001: Hibernate Commons Annotations {5.1.2.Final}
16:02:46.897 INFO  [main][Dialect.<init>(Dialect.java:175)] HHH000400: Using dialect: org.hibernate.dialect.MySQL8Dialect
16:02:47.311 WARN  [main][RootClass.checkCompositeIdentifier(RootClass.java:287)] HHH000038: Composite-id class does not override equals(): com.example.demo_project.entity.OrgCompanyId
16:02:47.314 WARN  [main][RootClass.checkCompositeIdentifier(RootClass.java:290)] HHH000039: Composite-id class does not override hashCode(): com.example.demo_project.entity.OrgCompanyId
16:02:47.859 INFO  [main][JtaPlatformInitiator.initiateService(JtaPlatformInitiator.java:52)] HHH000490: Using JtaPlatform implementation: [org.hibernate.engine.transaction.jta.platform.internal.NoJtaPlatform]
16:02:47.875 INFO  [main][LocalContainerEntityManagerFactoryBean.buildNativeEntityManagerFactory(AbstractEntityManagerFactoryBean.java:437)] Initialized JPA EntityManagerFactory for persistence unit 'default'
16:02:48.946 WARN  [main][JpaBaseConfiguration$JpaWebConfiguration.openEntityManagerInViewInterceptor(JpaBaseConfiguration.java:219)] spring.jpa.open-in-view is enabled by default. Therefore, database queries may be performed during view rendering. Explicitly configure spring.jpa.open-in-view to disable this warning
16:02:49.183 INFO  [main][PropertySourcedRequestMappingHandlerMapping.initHandlerMethods(PropertySourcedRequestMappingHandlerMapping.java:69)] Mapped URL path [/v2/api-docs] onto method [springfox.documentation.swagger2.web.Swagger2Controller#getDocumentation(String, HttpServletRequest)]
16:02:49.594 INFO  [main][Http11NioProtocol.log(DirectJDKLog.java:173)] Starting ProtocolHandler ["http-nio-8080"]
16:02:49.631 INFO  [main][TomcatWebServer.start(TomcatWebServer.java:220)] Tomcat started on port(s): 8080 (http) with context path ''
16:02:49.633 INFO  [main][DocumentationPluginsBootstrapper.start(DocumentationPluginsBootstrapper.java:160)] Context refreshed
16:02:49.663 INFO  [main][DocumentationPluginsBootstrapper.start(DocumentationPluginsBootstrapper.java:163)] Found 1 custom documentation plugin(s)
16:02:49.714 INFO  [main][ApiListingReferenceScanner.scan(ApiListingReferenceScanner.java:41)] Scanning for api listing references
16:02:50.084 INFO  [main][DemoProjectApplication.logStarted(StartupInfoLogger.java:61)] Started DemoProjectApplication in 8.906 seconds (JVM running for 9.911)
16:03:03.131 INFO  [http-nio-8080-exec-1][[/].log(DirectJDKLog.java:173)] Initializing Spring DispatcherServlet 'dispatcherServlet'
16:03:03.132 INFO  [http-nio-8080-exec-1][DispatcherServlet.initServletBean(FrameworkServlet.java:525)] Initializing Servlet 'dispatcherServlet'
16:03:03.135 INFO  [http-nio-8080-exec-1][DispatcherServlet.initServletBean(FrameworkServlet.java:547)] Completed initialization in 2 ms
16:07:39.672 INFO  [main][DemoProjectApplication.logStarting(StartupInfoLogger.java:55)] Starting DemoProjectApplication using Java 17.0.2 on DESKTOP-FMTCKNO with PID 5480 (C:\Users\ASUS\OneDrive\桌面\java_project\demo_project\bin\main started by ASUS in C:\Users\ASUS\OneDrive\桌面\java_project\demo_project)
16:07:39.679 INFO  [main][DemoProjectApplication.logStartupProfileInfo(SpringApplication.java:645)] No active profile set, falling back to 1 default profile: "default"
16:07:41.223 INFO  [main][RepositoryConfigurationDelegate.registerRepositoriesIn(RepositoryConfigurationDelegate.java:132)] Bootstrapping Spring Data JPA repositories in DEFAULT mode.
16:07:41.391 INFO  [main][RepositoryConfigurationDelegate.registerRepositoriesIn(RepositoryConfigurationDelegate.java:201)] Finished Spring Data repository scanning in 148 ms. Found 7 JPA repository interfaces.
16:07:42.397 INFO  [main][TomcatWebServer.initialize(TomcatWebServer.java:108)] Tomcat initialized with port(s): 8080 (http)
16:07:42.408 INFO  [main][Http11NioProtocol.log(DirectJDKLog.java:173)] Initializing ProtocolHandler ["http-nio-8080"]
16:07:42.409 INFO  [main][StandardService.log(DirectJDKLog.java:173)] Starting service [Tomcat]
16:07:42.410 INFO  [main][StandardEngine.log(DirectJDKLog.java:173)] Starting Servlet engine: [Apache Tomcat/9.0.65]
16:07:42.678 INFO  [main][[/].log(DirectJDKLog.java:173)] Initializing Spring embedded WebApplicationContext
16:07:42.680 INFO  [main][ServletWebServerApplicationContext.prepareWebApplicationContext(ServletWebServerApplicationContext.java:290)] Root WebApplicationContext: initialization completed in 2890 ms
16:07:42.852 INFO  [main][HikariDataSource.getConnection(HikariDataSource.java:110)] HikariPool-1 - Starting...
16:07:43.125 INFO  [main][HikariDataSource.getConnection(HikariDataSource.java:123)] HikariPool-1 - Start completed.
16:07:43.360 INFO  [main][LogHelper.logPersistenceUnitInformation(LogHelper.java:31)] HHH000204: Processing PersistenceUnitInfo [name: default]
16:07:43.448 INFO  [main][Version.logVersion(Version.java:44)] HHH000412: Hibernate ORM core version 5.6.11.Final
16:07:43.713 INFO  [main][Version.<clinit>(JavaReflectionManager.java:56)] HCANN000001: Hibernate Commons Annotations {5.1.2.Final}
16:07:43.926 INFO  [main][Dialect.<init>(Dialect.java:175)] HHH000400: Using dialect: org.hibernate.dialect.MySQL8Dialect
16:07:44.320 WARN  [main][RootClass.checkCompositeIdentifier(RootClass.java:287)] HHH000038: Composite-id class does not override equals(): com.example.demo_project.entity.OrgCompanyId
16:07:44.322 WARN  [main][RootClass.checkCompositeIdentifier(RootClass.java:290)] HHH000039: Composite-id class does not override hashCode(): com.example.demo_project.entity.OrgCompanyId
16:07:44.857 INFO  [main][JtaPlatformInitiator.initiateService(JtaPlatformInitiator.java:52)] HHH000490: Using JtaPlatform implementation: [org.hibernate.engine.transaction.jta.platform.internal.NoJtaPlatform]
16:07:44.874 INFO  [main][LocalContainerEntityManagerFactoryBean.buildNativeEntityManagerFactory(AbstractEntityManagerFactoryBean.java:437)] Initialized JPA EntityManagerFactory for persistence unit 'default'
16:07:46.014 WARN  [main][JpaBaseConfiguration$JpaWebConfiguration.openEntityManagerInViewInterceptor(JpaBaseConfiguration.java:219)] spring.jpa.open-in-view is enabled by default. Therefore, database queries may be performed during view rendering. Explicitly configure spring.jpa.open-in-view to disable this warning
16:07:46.248 INFO  [main][PropertySourcedRequestMappingHandlerMapping.initHandlerMethods(PropertySourcedRequestMappingHandlerMapping.java:69)] Mapped URL path [/v2/api-docs] onto method [springfox.documentation.swagger2.web.Swagger2Controller#getDocumentation(String, HttpServletRequest)]
16:07:46.597 INFO  [main][Http11NioProtocol.log(DirectJDKLog.java:173)] Starting ProtocolHandler ["http-nio-8080"]
16:07:46.631 INFO  [main][TomcatWebServer.start(TomcatWebServer.java:220)] Tomcat started on port(s): 8080 (http) with context path ''
16:07:46.633 INFO  [main][DocumentationPluginsBootstrapper.start(DocumentationPluginsBootstrapper.java:160)] Context refreshed
16:07:46.657 INFO  [main][DocumentationPluginsBootstrapper.start(DocumentationPluginsBootstrapper.java:163)] Found 1 custom documentation plugin(s)
16:07:46.694 INFO  [main][ApiListingReferenceScanner.scan(ApiListingReferenceScanner.java:41)] Scanning for api listing references
16:07:47.020 INFO  [main][DemoProjectApplication.logStarted(StartupInfoLogger.java:61)] Started DemoProjectApplication in 7.898 seconds (JVM running for 8.837)
16:07:53.191 INFO  [http-nio-8080-exec-1][[/].log(DirectJDKLog.java:173)] Initializing Spring DispatcherServlet 'dispatcherServlet'
16:07:53.191 INFO  [http-nio-8080-exec-1][DispatcherServlet.initServletBean(FrameworkServlet.java:525)] Initializing Servlet 'dispatcherServlet'
16:07:53.193 INFO  [http-nio-8080-exec-1][DispatcherServlet.initServletBean(FrameworkServlet.java:547)] Completed initialization in 1 ms
16:12:21.028 INFO  [main][DemoProjectApplication.logStarting(StartupInfoLogger.java:55)] Starting DemoProjectApplication using Java 17.0.2 on DESKTOP-FMTCKNO with PID 8680 (C:\Users\ASUS\OneDrive\桌面\java_project\demo_project\bin\main started by ASUS in C:\Users\ASUS\OneDrive\桌面\java_project\demo_project)
16:12:21.038 INFO  [main][DemoProjectApplication.logStartupProfileInfo(SpringApplication.java:645)] No active profile set, falling back to 1 default profile: "default"
16:12:22.754 INFO  [main][RepositoryConfigurationDelegate.registerRepositoriesIn(RepositoryConfigurationDelegate.java:132)] Bootstrapping Spring Data JPA repositories in DEFAULT mode.
16:12:22.967 INFO  [main][RepositoryConfigurationDelegate.registerRepositoriesIn(RepositoryConfigurationDelegate.java:201)] Finished Spring Data repository scanning in 192 ms. Found 7 JPA repository interfaces.
16:12:24.059 INFO  [main][TomcatWebServer.initialize(TomcatWebServer.java:108)] Tomcat initialized with port(s): 8080 (http)
16:12:24.071 INFO  [main][Http11NioProtocol.log(DirectJDKLog.java:173)] Initializing ProtocolHandler ["http-nio-8080"]
16:12:24.072 INFO  [main][StandardService.log(DirectJDKLog.java:173)] Starting service [Tomcat]
16:12:24.073 INFO  [main][StandardEngine.log(DirectJDKLog.java:173)] Starting Servlet engine: [Apache Tomcat/9.0.65]
16:12:24.247 INFO  [main][[/].log(DirectJDKLog.java:173)] Initializing Spring embedded WebApplicationContext
16:12:24.249 INFO  [main][ServletWebServerApplicationContext.prepareWebApplicationContext(ServletWebServerApplicationContext.java:290)] Root WebApplicationContext: initialization completed in 3080 ms
16:12:24.425 INFO  [main][HikariDataSource.getConnection(HikariDataSource.java:110)] HikariPool-1 - Starting...
16:12:24.691 INFO  [main][HikariDataSource.getConnection(HikariDataSource.java:123)] HikariPool-1 - Start completed.
16:12:24.949 INFO  [main][LogHelper.logPersistenceUnitInformation(LogHelper.java:31)] HHH000204: Processing PersistenceUnitInfo [name: default]
16:12:25.036 INFO  [main][Version.logVersion(Version.java:44)] HHH000412: Hibernate ORM core version 5.6.11.Final
16:12:25.320 INFO  [main][Version.<clinit>(JavaReflectionManager.java:56)] HCANN000001: Hibernate Commons Annotations {5.1.2.Final}
16:12:25.532 INFO  [main][Dialect.<init>(Dialect.java:175)] HHH000400: Using dialect: org.hibernate.dialect.MySQL8Dialect
16:12:25.923 WARN  [main][RootClass.checkCompositeIdentifier(RootClass.java:287)] HHH000038: Composite-id class does not override equals(): com.example.demo_project.entity.OrgCompanyId
16:12:25.924 WARN  [main][RootClass.checkCompositeIdentifier(RootClass.java:290)] HHH000039: Composite-id class does not override hashCode(): com.example.demo_project.entity.OrgCompanyId
16:12:26.411 INFO  [main][JtaPlatformInitiator.initiateService(JtaPlatformInitiator.java:52)] HHH000490: Using JtaPlatform implementation: [org.hibernate.engine.transaction.jta.platform.internal.NoJtaPlatform]
16:12:26.426 INFO  [main][LocalContainerEntityManagerFactoryBean.buildNativeEntityManagerFactory(AbstractEntityManagerFactoryBean.java:437)] Initialized JPA EntityManagerFactory for persistence unit 'default'
16:12:27.533 WARN  [main][JpaBaseConfiguration$JpaWebConfiguration.openEntityManagerInViewInterceptor(JpaBaseConfiguration.java:219)] spring.jpa.open-in-view is enabled by default. Therefore, database queries may be performed during view rendering. Explicitly configure spring.jpa.open-in-view to disable this warning
16:12:27.830 INFO  [main][PropertySourcedRequestMappingHandlerMapping.initHandlerMethods(PropertySourcedRequestMappingHandlerMapping.java:69)] Mapped URL path [/v2/api-docs] onto method [springfox.documentation.swagger2.web.Swagger2Controller#getDocumentation(String, HttpServletRequest)]
16:12:28.352 INFO  [main][Http11NioProtocol.log(DirectJDKLog.java:173)] Starting ProtocolHandler ["http-nio-8080"]
16:12:28.387 INFO  [main][TomcatWebServer.start(TomcatWebServer.java:220)] Tomcat started on port(s): 8080 (http) with context path ''
16:12:28.389 INFO  [main][DocumentationPluginsBootstrapper.start(DocumentationPluginsBootstrapper.java:160)] Context refreshed
16:12:28.421 INFO  [main][DocumentationPluginsBootstrapper.start(DocumentationPluginsBootstrapper.java:163)] Found 1 custom documentation plugin(s)
16:12:28.469 INFO  [main][ApiListingReferenceScanner.scan(ApiListingReferenceScanner.java:41)] Scanning for api listing references
16:12:29.175 INFO  [main][DemoProjectApplication.logStarted(StartupInfoLogger.java:61)] Started DemoProjectApplication in 8.73 seconds (JVM running for 9.602)
16:12:32.618 INFO  [http-nio-8080-exec-1][[/].log(DirectJDKLog.java:173)] Initializing Spring DispatcherServlet 'dispatcherServlet'
16:12:32.618 INFO  [http-nio-8080-exec-1][DispatcherServlet.initServletBean(FrameworkServlet.java:525)] Initializing Servlet 'dispatcherServlet'
16:12:32.623 INFO  [http-nio-8080-exec-1][DispatcherServlet.initServletBean(FrameworkServlet.java:547)] Completed initialization in 4 ms
16:17:43.543 INFO  [main][DemoProjectApplication.logStarting(StartupInfoLogger.java:55)] Starting DemoProjectApplication using Java 17.0.2 on DESKTOP-FMTCKNO with PID 7432 (C:\Users\ASUS\OneDrive\桌面\java_project\demo_project\bin\main started by ASUS in C:\Users\ASUS\OneDrive\桌面\java_project\demo_project)
16:17:43.554 INFO  [main][DemoProjectApplication.logStartupProfileInfo(SpringApplication.java:645)] No active profile set, falling back to 1 default profile: "default"
16:17:45.090 INFO  [main][RepositoryConfigurationDelegate.registerRepositoriesIn(RepositoryConfigurationDelegate.java:132)] Bootstrapping Spring Data JPA repositories in DEFAULT mode.
16:17:45.229 INFO  [main][RepositoryConfigurationDelegate.registerRepositoriesIn(RepositoryConfigurationDelegate.java:201)] Finished Spring Data repository scanning in 119 ms. Found 7 JPA repository interfaces.
16:17:46.262 INFO  [main][TomcatWebServer.initialize(TomcatWebServer.java:108)] Tomcat initialized with port(s): 8080 (http)
16:17:46.278 INFO  [main][Http11NioProtocol.log(DirectJDKLog.java:173)] Initializing ProtocolHandler ["http-nio-8080"]
16:17:46.279 INFO  [main][StandardService.log(DirectJDKLog.java:173)] Starting service [Tomcat]
16:17:46.279 INFO  [main][StandardEngine.log(DirectJDKLog.java:173)] Starting Servlet engine: [Apache Tomcat/9.0.65]
16:17:46.471 INFO  [main][[/].log(DirectJDKLog.java:173)] Initializing Spring embedded WebApplicationContext
16:17:46.474 INFO  [main][ServletWebServerApplicationContext.prepareWebApplicationContext(ServletWebServerApplicationContext.java:290)] Root WebApplicationContext: initialization completed in 2806 ms
16:17:46.653 INFO  [main][HikariDataSource.getConnection(HikariDataSource.java:110)] HikariPool-1 - Starting...
16:17:46.929 INFO  [main][HikariDataSource.getConnection(HikariDataSource.java:123)] HikariPool-1 - Start completed.
16:17:47.211 INFO  [main][LogHelper.logPersistenceUnitInformation(LogHelper.java:31)] HHH000204: Processing PersistenceUnitInfo [name: default]
16:17:47.299 INFO  [main][Version.logVersion(Version.java:44)] HHH000412: Hibernate ORM core version 5.6.11.Final
16:17:47.604 INFO  [main][Version.<clinit>(JavaReflectionManager.java:56)] HCANN000001: Hibernate Commons Annotations {5.1.2.Final}
16:17:47.802 INFO  [main][Dialect.<init>(Dialect.java:175)] HHH000400: Using dialect: org.hibernate.dialect.MySQL8Dialect
16:17:48.197 WARN  [main][RootClass.checkCompositeIdentifier(RootClass.java:287)] HHH000038: Composite-id class does not override equals(): com.example.demo_project.entity.OrgCompanyId
16:17:48.198 WARN  [main][RootClass.checkCompositeIdentifier(RootClass.java:290)] HHH000039: Composite-id class does not override hashCode(): com.example.demo_project.entity.OrgCompanyId
16:17:48.728 INFO  [main][JtaPlatformInitiator.initiateService(JtaPlatformInitiator.java:52)] HHH000490: Using JtaPlatform implementation: [org.hibernate.engine.transaction.jta.platform.internal.NoJtaPlatform]
16:17:48.743 INFO  [main][LocalContainerEntityManagerFactoryBean.buildNativeEntityManagerFactory(AbstractEntityManagerFactoryBean.java:437)] Initialized JPA EntityManagerFactory for persistence unit 'default'
16:17:49.793 WARN  [main][JpaBaseConfiguration$JpaWebConfiguration.openEntityManagerInViewInterceptor(JpaBaseConfiguration.java:219)] spring.jpa.open-in-view is enabled by default. Therefore, database queries may be performed during view rendering. Explicitly configure spring.jpa.open-in-view to disable this warning
16:17:50.031 INFO  [main][PropertySourcedRequestMappingHandlerMapping.initHandlerMethods(PropertySourcedRequestMappingHandlerMapping.java:69)] Mapped URL path [/v2/api-docs] onto method [springfox.documentation.swagger2.web.Swagger2Controller#getDocumentation(String, HttpServletRequest)]
16:17:50.426 INFO  [main][Http11NioProtocol.log(DirectJDKLog.java:173)] Starting ProtocolHandler ["http-nio-8080"]
16:17:50.465 INFO  [main][TomcatWebServer.start(TomcatWebServer.java:220)] Tomcat started on port(s): 8080 (http) with context path ''
16:17:50.467 INFO  [main][DocumentationPluginsBootstrapper.start(DocumentationPluginsBootstrapper.java:160)] Context refreshed
16:17:50.498 INFO  [main][DocumentationPluginsBootstrapper.start(DocumentationPluginsBootstrapper.java:163)] Found 1 custom documentation plugin(s)
16:17:50.540 INFO  [main][ApiListingReferenceScanner.scan(ApiListingReferenceScanner.java:41)] Scanning for api listing references
16:17:50.877 INFO  [main][DemoProjectApplication.logStarted(StartupInfoLogger.java:61)] Started DemoProjectApplication in 7.871 seconds (JVM running for 8.882)
16:18:14.810 INFO  [http-nio-8080-exec-1][[/].log(DirectJDKLog.java:173)] Initializing Spring DispatcherServlet 'dispatcherServlet'
16:18:14.810 INFO  [http-nio-8080-exec-1][DispatcherServlet.initServletBean(FrameworkServlet.java:525)] Initializing Servlet 'dispatcherServlet'
16:18:14.813 INFO  [http-nio-8080-exec-1][DispatcherServlet.initServletBean(FrameworkServlet.java:547)] Completed initialization in 2 ms
16:51:55.636 INFO  [main][DemoProjectApplication.logStarting(StartupInfoLogger.java:55)] Starting DemoProjectApplication using Java 17.0.2 on DESKTOP-FMTCKNO with PID 10656 (C:\Users\ASUS\OneDrive\桌面\java_project\demo_project\bin\main started by ASUS in C:\Users\ASUS\OneDrive\桌面\java_project\demo_project)
16:51:55.643 INFO  [main][DemoProjectApplication.logStartupProfileInfo(SpringApplication.java:645)] No active profile set, falling back to 1 default profile: "default"
16:51:57.129 INFO  [main][RepositoryConfigurationDelegate.registerRepositoriesIn(RepositoryConfigurationDelegate.java:132)] Bootstrapping Spring Data JPA repositories in DEFAULT mode.
16:51:57.284 INFO  [main][RepositoryConfigurationDelegate.registerRepositoriesIn(RepositoryConfigurationDelegate.java:201)] Finished Spring Data repository scanning in 129 ms. Found 7 JPA repository interfaces.
16:51:58.394 INFO  [main][TomcatWebServer.initialize(TomcatWebServer.java:108)] Tomcat initialized with port(s): 8080 (http)
16:51:58.406 INFO  [main][Http11NioProtocol.log(DirectJDKLog.java:173)] Initializing ProtocolHandler ["http-nio-8080"]
16:51:58.407 INFO  [main][StandardService.log(DirectJDKLog.java:173)] Starting service [Tomcat]
16:51:58.408 INFO  [main][StandardEngine.log(DirectJDKLog.java:173)] Starting Servlet engine: [Apache Tomcat/9.0.65]
16:51:58.596 INFO  [main][[/].log(DirectJDKLog.java:173)] Initializing Spring embedded WebApplicationContext
16:51:58.601 INFO  [main][ServletWebServerApplicationContext.prepareWebApplicationContext(ServletWebServerApplicationContext.java:290)] Root WebApplicationContext: initialization completed in 2846 ms
16:51:58.750 INFO  [main][HikariDataSource.getConnection(HikariDataSource.java:110)] HikariPool-1 - Starting...
16:51:59.027 INFO  [main][HikariDataSource.getConnection(HikariDataSource.java:123)] HikariPool-1 - Start completed.
16:51:59.287 INFO  [main][LogHelper.logPersistenceUnitInformation(LogHelper.java:31)] HHH000204: Processing PersistenceUnitInfo [name: default]
16:51:59.372 INFO  [main][Version.logVersion(Version.java:44)] HHH000412: Hibernate ORM core version 5.6.11.Final
16:51:59.646 INFO  [main][Version.<clinit>(JavaReflectionManager.java:56)] HCANN000001: Hibernate Commons Annotations {5.1.2.Final}
16:51:59.842 INFO  [main][Dialect.<init>(Dialect.java:175)] HHH000400: Using dialect: org.hibernate.dialect.MySQL8Dialect
16:52:00.224 WARN  [main][RootClass.checkCompositeIdentifier(RootClass.java:287)] HHH000038: Composite-id class does not override equals(): com.example.demo_project.entity.OrgCompanyId
16:52:00.225 WARN  [main][RootClass.checkCompositeIdentifier(RootClass.java:290)] HHH000039: Composite-id class does not override hashCode(): com.example.demo_project.entity.OrgCompanyId
16:52:00.723 INFO  [main][JtaPlatformInitiator.initiateService(JtaPlatformInitiator.java:52)] HHH000490: Using JtaPlatform implementation: [org.hibernate.engine.transaction.jta.platform.internal.NoJtaPlatform]
16:52:00.741 INFO  [main][LocalContainerEntityManagerFactoryBean.buildNativeEntityManagerFactory(AbstractEntityManagerFactoryBean.java:437)] Initialized JPA EntityManagerFactory for persistence unit 'default'
16:52:01.767 WARN  [main][JpaBaseConfiguration$JpaWebConfiguration.openEntityManagerInViewInterceptor(JpaBaseConfiguration.java:219)] spring.jpa.open-in-view is enabled by default. Therefore, database queries may be performed during view rendering. Explicitly configure spring.jpa.open-in-view to disable this warning
16:52:02.005 INFO  [main][PropertySourcedRequestMappingHandlerMapping.initHandlerMethods(PropertySourcedRequestMappingHandlerMapping.java:69)] Mapped URL path [/v2/api-docs] onto method [springfox.documentation.swagger2.web.Swagger2Controller#getDocumentation(String, HttpServletRequest)]
16:52:02.435 INFO  [main][Http11NioProtocol.log(DirectJDKLog.java:173)] Starting ProtocolHandler ["http-nio-8080"]
16:52:02.473 INFO  [main][TomcatWebServer.start(TomcatWebServer.java:220)] Tomcat started on port(s): 8080 (http) with context path ''
16:52:02.474 INFO  [main][DocumentationPluginsBootstrapper.start(DocumentationPluginsBootstrapper.java:160)] Context refreshed
16:52:02.506 INFO  [main][DocumentationPluginsBootstrapper.start(DocumentationPluginsBootstrapper.java:163)] Found 1 custom documentation plugin(s)
16:52:02.547 INFO  [main][ApiListingReferenceScanner.scan(ApiListingReferenceScanner.java:41)] Scanning for api listing references
16:52:02.957 INFO  [main][DemoProjectApplication.logStarted(StartupInfoLogger.java:61)] Started DemoProjectApplication in 7.853 seconds (JVM running for 8.984)
16:52:13.720 INFO  [http-nio-8080-exec-1][[/].log(DirectJDKLog.java:173)] Initializing Spring DispatcherServlet 'dispatcherServlet'
16:52:13.721 INFO  [http-nio-8080-exec-1][DispatcherServlet.initServletBean(FrameworkServlet.java:525)] Initializing Servlet 'dispatcherServlet'
16:52:13.725 INFO  [http-nio-8080-exec-1][DispatcherServlet.initServletBean(FrameworkServlet.java:547)] Completed initialization in 2 ms
16:52:13.857 WARN  [http-nio-8080-exec-2][DefaultHandlerExceptionResolver.logException(AbstractHandlerExceptionResolver.java:208)] Resolved [org.springframework.http.converter.HttpMessageNotReadableException: Required request body is missing: public com.example.demo_project.vo.ToDoRes com.example.demo_project.controller.ToDoController.getToDoList(com.example.demo_project.vo.ToDoReq)]
16:58:14.977 WARN  [http-nio-8080-exec-3][DefaultHandlerExceptionResolver.logException(AbstractHandlerExceptionResolver.java:208)] Resolved [org.springframework.web.HttpRequestMethodNotSupportedException: Request method 'GET' not supported]
16:59:37.011 WARN  [http-nio-8080-exec-7][DefaultHandlerExceptionResolver.logException(AbstractHandlerExceptionResolver.java:208)] Resolved [org.springframework.http.converter.HttpMessageNotReadableException: Required request body is missing: public com.example.demo_project.vo.ToDoRes com.example.demo_project.controller.ToDoController.getToDoList(com.example.demo_project.vo.ToDoReq)]
17:00:21.174 WARN  [http-nio-8080-exec-8][DefaultHandlerExceptionResolver.logException(AbstractHandlerExceptionResolver.java:208)] Resolved [org.springframework.http.converter.HttpMessageNotReadableException: Required request body is missing: public com.example.demo_project.vo.ToDoRes com.example.demo_project.controller.ToDoController.getToDoList(com.example.demo_project.vo.ToDoReq)]
17:00:44.623 WARN  [http-nio-8080-exec-9][DefaultHandlerExceptionResolver.logException(AbstractHandlerExceptionResolver.java:208)] Resolved [org.springframework.http.converter.HttpMessageNotReadableException: Required request body is missing: public com.example.demo_project.vo.ToDoRes com.example.demo_project.controller.ToDoController.getToDoList(com.example.demo_project.vo.ToDoReq)]
17:00:45.863 WARN  [http-nio-8080-exec-10][DefaultHandlerExceptionResolver.logException(AbstractHandlerExceptionResolver.java:208)] Resolved [org.springframework.http.converter.HttpMessageNotReadableException: Required request body is missing: public com.example.demo_project.vo.ToDoRes com.example.demo_project.controller.ToDoController.getToDoList(com.example.demo_project.vo.ToDoReq)]
17:04:40.053 WARN  [http-nio-8080-exec-1][DefaultHandlerExceptionResolver.logException(AbstractHandlerExceptionResolver.java:208)] Resolved [org.springframework.http.converter.HttpMessageNotReadableException: Required request body is missing: public com.example.demo_project.vo.ToDoRes com.example.demo_project.controller.ToDoController.getToDoList(com.example.demo_project.vo.ToDoReq)]
17:05:24.106 WARN  [http-nio-8080-exec-2][DefaultHandlerExceptionResolver.logException(AbstractHandlerExceptionResolver.java:208)] Resolved [org.springframework.http.converter.HttpMessageNotReadableException: Required request body is missing: public com.example.demo_project.vo.ToDoRes com.example.demo_project.controller.ToDoController.getToDoList(com.example.demo_project.vo.ToDoReq)]
17:05:28.917 WARN  [http-nio-8080-exec-3][DefaultHandlerExceptionResolver.logException(AbstractHandlerExceptionResolver.java:208)] Resolved [org.springframework.http.converter.HttpMessageNotReadableException: Required request body is missing: public com.example.demo_project.vo.ToDoRes com.example.demo_project.controller.ToDoController.getToDoList(com.example.demo_project.vo.ToDoReq)]
17:06:56.909 WARN  [http-nio-8080-exec-4][DefaultHandlerExceptionResolver.logException(AbstractHandlerExceptionResolver.java:208)] Resolved [org.springframework.http.converter.HttpMessageNotReadableException: Required request body is missing: public com.example.demo_project.vo.ToDoRes com.example.demo_project.controller.ToDoController.getToDoList(com.example.demo_project.vo.ToDoReq)]
17:08:01.366 WARN  [http-nio-8080-exec-6][DefaultHandlerExceptionResolver.logException(AbstractHandlerExceptionResolver.java:208)] Resolved [org.springframework.http.converter.HttpMessageNotReadableException: Required request body is missing: public com.example.demo_project.vo.ToDoRes com.example.demo_project.controller.ToDoController.getToDoList(com.example.demo_project.vo.ToDoReq)]
17:09:42.087 INFO  [main][DemoProjectApplication.logStarting(StartupInfoLogger.java:55)] Starting DemoProjectApplication using Java 17.0.2 on DESKTOP-FMTCKNO with PID 13068 (C:\Users\ASUS\OneDrive\桌面\java_project\demo_project\bin\main started by ASUS in C:\Users\ASUS\OneDrive\桌面\java_project\demo_project)
17:09:42.100 INFO  [main][DemoProjectApplication.logStartupProfileInfo(SpringApplication.java:645)] No active profile set, falling back to 1 default profile: "default"
17:09:44.738 INFO  [main][RepositoryConfigurationDelegate.registerRepositoriesIn(RepositoryConfigurationDelegate.java:132)] Bootstrapping Spring Data JPA repositories in DEFAULT mode.
17:09:44.923 INFO  [main][RepositoryConfigurationDelegate.registerRepositoriesIn(RepositoryConfigurationDelegate.java:201)] Finished Spring Data repository scanning in 163 ms. Found 7 JPA repository interfaces.
17:09:46.149 INFO  [main][TomcatWebServer.initialize(TomcatWebServer.java:108)] Tomcat initialized with port(s): 8080 (http)
17:09:46.168 INFO  [main][Http11NioProtocol.log(DirectJDKLog.java:173)] Initializing ProtocolHandler ["http-nio-8080"]
17:09:46.171 INFO  [main][StandardService.log(DirectJDKLog.java:173)] Starting service [Tomcat]
17:09:46.172 INFO  [main][StandardEngine.log(DirectJDKLog.java:173)] Starting Servlet engine: [Apache Tomcat/9.0.65]
17:09:46.416 INFO  [main][[/].log(DirectJDKLog.java:173)] Initializing Spring embedded WebApplicationContext
17:09:46.418 INFO  [main][ServletWebServerApplicationContext.prepareWebApplicationContext(ServletWebServerApplicationContext.java:290)] Root WebApplicationContext: initialization completed in 4187 ms
17:09:46.646 INFO  [main][HikariDataSource.getConnection(HikariDataSource.java:110)] HikariPool-1 - Starting...
17:09:47.003 INFO  [main][HikariDataSource.getConnection(HikariDataSource.java:123)] HikariPool-1 - Start completed.
17:09:47.299 INFO  [main][LogHelper.logPersistenceUnitInformation(LogHelper.java:31)] HHH000204: Processing PersistenceUnitInfo [name: default]
17:09:47.384 INFO  [main][Version.logVersion(Version.java:44)] HHH000412: Hibernate ORM core version 5.6.11.Final
17:09:47.730 INFO  [main][Version.<clinit>(JavaReflectionManager.java:56)] HCANN000001: Hibernate Commons Annotations {5.1.2.Final}
17:09:47.996 INFO  [main][Dialect.<init>(Dialect.java:175)] HHH000400: Using dialect: org.hibernate.dialect.MySQL8Dialect
17:09:48.454 WARN  [main][RootClass.checkCompositeIdentifier(RootClass.java:287)] HHH000038: Composite-id class does not override equals(): com.example.demo_project.entity.OrgCompanyId
17:09:48.457 WARN  [main][RootClass.checkCompositeIdentifier(RootClass.java:290)] HHH000039: Composite-id class does not override hashCode(): com.example.demo_project.entity.OrgCompanyId
17:09:49.111 INFO  [main][JtaPlatformInitiator.initiateService(JtaPlatformInitiator.java:52)] HHH000490: Using JtaPlatform implementation: [org.hibernate.engine.transaction.jta.platform.internal.NoJtaPlatform]
17:09:49.132 INFO  [main][LocalContainerEntityManagerFactoryBean.buildNativeEntityManagerFactory(AbstractEntityManagerFactoryBean.java:437)] Initialized JPA EntityManagerFactory for persistence unit 'default'
17:09:50.346 WARN  [main][JpaBaseConfiguration$JpaWebConfiguration.openEntityManagerInViewInterceptor(JpaBaseConfiguration.java:219)] spring.jpa.open-in-view is enabled by default. Therefore, database queries may be performed during view rendering. Explicitly configure spring.jpa.open-in-view to disable this warning
17:09:50.612 INFO  [main][PropertySourcedRequestMappingHandlerMapping.initHandlerMethods(PropertySourcedRequestMappingHandlerMapping.java:69)] Mapped URL path [/v2/api-docs] onto method [springfox.documentation.swagger2.web.Swagger2Controller#getDocumentation(String, HttpServletRequest)]
17:09:51.078 INFO  [main][Http11NioProtocol.log(DirectJDKLog.java:173)] Starting ProtocolHandler ["http-nio-8080"]
17:09:51.126 INFO  [main][TomcatWebServer.start(TomcatWebServer.java:220)] Tomcat started on port(s): 8080 (http) with context path ''
17:09:51.129 INFO  [main][DocumentationPluginsBootstrapper.start(DocumentationPluginsBootstrapper.java:160)] Context refreshed
17:09:51.175 INFO  [main][DocumentationPluginsBootstrapper.start(DocumentationPluginsBootstrapper.java:163)] Found 1 custom documentation plugin(s)
17:09:51.234 INFO  [main][ApiListingReferenceScanner.scan(ApiListingReferenceScanner.java:41)] Scanning for api listing references
17:09:51.658 INFO  [main][DemoProjectApplication.logStarted(StartupInfoLogger.java:61)] Started DemoProjectApplication in 10.451 seconds (JVM running for 11.848)
17:09:56.025 INFO  [http-nio-8080-exec-1][[/].log(DirectJDKLog.java:173)] Initializing Spring DispatcherServlet 'dispatcherServlet'
17:09:56.026 INFO  [http-nio-8080-exec-1][DispatcherServlet.initServletBean(FrameworkServlet.java:525)] Initializing Servlet 'dispatcherServlet'
17:09:56.030 INFO  [http-nio-8080-exec-1][DispatcherServlet.initServletBean(FrameworkServlet.java:547)] Completed initialization in 3 ms
17:09:56.164 WARN  [http-nio-8080-exec-1][DefaultHandlerExceptionResolver.logException(AbstractHandlerExceptionResolver.java:208)] Resolved [org.springframework.http.converter.HttpMessageNotReadableException: Required request body is missing: public com.example.demo_project.vo.ToDoRes com.example.demo_project.controller.ToDoController.getToDoList(com.example.demo_project.vo.ToDoReq)]
17:11:39.158 WARN  [http-nio-8080-exec-3][DefaultHandlerExceptionResolver.logException(AbstractHandlerExceptionResolver.java:208)] Resolved [org.springframework.http.converter.HttpMessageNotReadableException: Required request body is missing: public com.example.demo_project.vo.ToDoRes com.example.demo_project.controller.ToDoController.getToDoList(com.example.demo_project.vo.ToDoReq)]
17:13:09.910 WARN  [http-nio-8080-exec-5][DefaultHandlerExceptionResolver.logException(AbstractHandlerExceptionResolver.java:208)] Resolved [org.springframework.http.converter.HttpMessageNotReadableException: Required request body is missing: public com.example.demo_project.vo.ToDoRes com.example.demo_project.controller.ToDoController.getToDoList(com.example.demo_project.vo.ToDoReq)]
17:17:26.817 WARN  [http-nio-8080-exec-7][DefaultHandlerExceptionResolver.logException(AbstractHandlerExceptionResolver.java:208)] Resolved [org.springframework.http.converter.HttpMessageNotReadableException: Required request body is missing: public com.example.demo_project.vo.ToDoRes com.example.demo_project.controller.ToDoController.getToDoList(com.example.demo_project.vo.ToDoReq)]
17:35:23.231 INFO  [main][DemoProjectApplication.logStarting(StartupInfoLogger.java:55)] Starting DemoProjectApplication using Java 17.0.2 on DESKTOP-FMTCKNO with PID 13296 (C:\Users\ASUS\OneDrive\桌面\java_project\demo_project\bin\main started by ASUS in C:\Users\ASUS\OneDrive\桌面\java_project\demo_project)
17:35:23.241 INFO  [main][DemoProjectApplication.logStartupProfileInfo(SpringApplication.java:645)] No active profile set, falling back to 1 default profile: "default"
17:35:24.871 INFO  [main][RepositoryConfigurationDelegate.registerRepositoriesIn(RepositoryConfigurationDelegate.java:132)] Bootstrapping Spring Data JPA repositories in DEFAULT mode.
17:35:25.043 INFO  [main][RepositoryConfigurationDelegate.registerRepositoriesIn(RepositoryConfigurationDelegate.java:201)] Finished Spring Data repository scanning in 149 ms. Found 7 JPA repository interfaces.
17:35:26.246 INFO  [main][TomcatWebServer.initialize(TomcatWebServer.java:108)] Tomcat initialized with port(s): 8080 (http)
17:35:26.267 INFO  [main][Http11NioProtocol.log(DirectJDKLog.java:173)] Initializing ProtocolHandler ["http-nio-8080"]
17:35:26.270 INFO  [main][StandardService.log(DirectJDKLog.java:173)] Starting service [Tomcat]
17:35:26.271 INFO  [main][StandardEngine.log(DirectJDKLog.java:173)] Starting Servlet engine: [Apache Tomcat/9.0.65]
17:35:26.486 INFO  [main][[/].log(DirectJDKLog.java:173)] Initializing Spring embedded WebApplicationContext
17:35:26.489 INFO  [main][ServletWebServerApplicationContext.prepareWebApplicationContext(ServletWebServerApplicationContext.java:290)] Root WebApplicationContext: initialization completed in 3124 ms
17:35:26.651 INFO  [main][HikariDataSource.getConnection(HikariDataSource.java:110)] HikariPool-1 - Starting...
17:35:26.948 INFO  [main][HikariDataSource.getConnection(HikariDataSource.java:123)] HikariPool-1 - Start completed.
17:35:27.227 INFO  [main][LogHelper.logPersistenceUnitInformation(LogHelper.java:31)] HHH000204: Processing PersistenceUnitInfo [name: default]
17:35:27.340 INFO  [main][Version.logVersion(Version.java:44)] HHH000412: Hibernate ORM core version 5.6.11.Final
17:35:27.670 INFO  [main][Version.<clinit>(JavaReflectionManager.java:56)] HCANN000001: Hibernate Commons Annotations {5.1.2.Final}
17:35:27.893 INFO  [main][Dialect.<init>(Dialect.java:175)] HHH000400: Using dialect: org.hibernate.dialect.MySQL8Dialect
17:35:28.305 WARN  [main][RootClass.checkCompositeIdentifier(RootClass.java:287)] HHH000038: Composite-id class does not override equals(): com.example.demo_project.entity.OrgCompanyId
17:35:28.305 WARN  [main][RootClass.checkCompositeIdentifier(RootClass.java:290)] HHH000039: Composite-id class does not override hashCode(): com.example.demo_project.entity.OrgCompanyId
17:35:28.847 INFO  [main][JtaPlatformInitiator.initiateService(JtaPlatformInitiator.java:52)] HHH000490: Using JtaPlatform implementation: [org.hibernate.engine.transaction.jta.platform.internal.NoJtaPlatform]
17:35:28.860 INFO  [main][LocalContainerEntityManagerFactoryBean.buildNativeEntityManagerFactory(AbstractEntityManagerFactoryBean.java:437)] Initialized JPA EntityManagerFactory for persistence unit 'default'
17:35:29.925 WARN  [main][JpaBaseConfiguration$JpaWebConfiguration.openEntityManagerInViewInterceptor(JpaBaseConfiguration.java:219)] spring.jpa.open-in-view is enabled by default. Therefore, database queries may be performed during view rendering. Explicitly configure spring.jpa.open-in-view to disable this warning
17:35:30.161 INFO  [main][PropertySourcedRequestMappingHandlerMapping.initHandlerMethods(PropertySourcedRequestMappingHandlerMapping.java:69)] Mapped URL path [/v2/api-docs] onto method [springfox.documentation.swagger2.web.Swagger2Controller#getDocumentation(String, HttpServletRequest)]
17:35:30.528 INFO  [main][Http11NioProtocol.log(DirectJDKLog.java:173)] Starting ProtocolHandler ["http-nio-8080"]
17:35:30.564 INFO  [main][TomcatWebServer.start(TomcatWebServer.java:220)] Tomcat started on port(s): 8080 (http) with context path ''
17:35:30.567 INFO  [main][DocumentationPluginsBootstrapper.start(DocumentationPluginsBootstrapper.java:160)] Context refreshed
17:35:30.598 INFO  [main][DocumentationPluginsBootstrapper.start(DocumentationPluginsBootstrapper.java:163)] Found 1 custom documentation plugin(s)
17:35:30.630 INFO  [main][ApiListingReferenceScanner.scan(ApiListingReferenceScanner.java:41)] Scanning for api listing references
17:35:30.957 INFO  [main][DemoProjectApplication.logStarted(StartupInfoLogger.java:61)] Started DemoProjectApplication in 8.282 seconds (JVM running for 9.214)
17:35:50.158 INFO  [http-nio-8080-exec-1][[/].log(DirectJDKLog.java:173)] Initializing Spring DispatcherServlet 'dispatcherServlet'
17:35:50.158 INFO  [http-nio-8080-exec-1][DispatcherServlet.initServletBean(FrameworkServlet.java:525)] Initializing Servlet 'dispatcherServlet'
17:35:50.160 INFO  [http-nio-8080-exec-1][DispatcherServlet.initServletBean(FrameworkServlet.java:547)] Completed initialization in 1 ms
